MPASM  5.20                          MAIN.ASM   2-3-2013  23:24:10         PAGE  1


LOC  OBJECT CODE     LINE SOURCE TEXT
  VALUE

                      00001       list p=16f877                 ; list directive to define processor
                      00002       #include <p16f877.inc>        ; processor specific variable definitions
                      00001         LIST
                      00002 ; P16F877.INC  Standard Header File, Version 1.00    Microchip Technology, Inc.
                      00373         LIST
2007   3F72           00003       __CONFIG _CP_OFF & _WDT_OFF & _BODEN_ON & _PWRTE_ON & _HS_OSC & _WRT_ENABLE_ON & _CPD_OFF & _LVP_O
                            FF
                      00004 
                      00005 
                      00006         cblock  0x70
  00000070            00007                 COUNTH
  00000071            00008                 COUNTM  
  00000072            00009                 COUNTL  
  00000073            00010                 Table_Counter
  00000074            00011                 lcd_tmp 
  00000075            00012                 lcd_d1
  00000076            00013                 lcd_d2
  00000077            00014                 com     
  00000078            00015                 dat     
                      00016         endc    
                      00017 
                      00018         ;Declare constants for pin assignments (LCD on PORTD)
                      00019                 #define RS      PORTD,2
                      00020                 #define E       PORTD,3
                      00021 
0000                  00022          ORG       0x0000     ;RESET vector must always be at 0x00
0000   2801           00023          goto      init       ;Just jump to the main code section.
                      00024          
                      00025 
                      00026 ;***************************************
                      00027 ; Delay: ~160us macro
                      00028 ;***************************************
                      00029 LCD_DELAY macro
                      00030         movlw   0xFF
                      00031         movwf   lcd_d1
                      00032         decfsz  lcd_d1,f
                      00033         goto    $-1
                      00034         endm
                      00035 
                      00036 
                      00037 ;***************************************
                      00038 ; Display macro
                      00039 ;***************************************
                      00040 Display macro   Message
                      00041                 local   loop_
                      00042                 local   end_
                      00043                 clrf    Table_Counter
                      00044                 clrw            
                      00045 loop_   movf    Table_Counter,W
                      00046                 call    Message
                      00047                 xorlw   B'00000000' ;check WORK reg to see if 0 is returned
                      00048                 btfsc   STATUS,Z
                      00049                         goto    end_
MPASM  5.20                          MAIN.ASM   2-3-2013  23:24:10         PAGE  2


LOC  OBJECT CODE     LINE SOURCE TEXT
  VALUE

                      00050                 call    WR_DATA
                      00051                 incf    Table_Counter,F
                      00052                 goto    loop_
                      00053 end_
                      00054                 endm
                      00055 
                      00056 ;***************************************
                      00057 ; Initialize LCD
                      00058 ;***************************************
0001                  00059 init
0001   018B           00060          clrf      INTCON         ; No interrupts
                      00061 
0002   1683           00062          bsf       STATUS,RP0     ; select bank 1
Message[302]: Register in operand not in bank 0.  Ensure that bank bits are correct.
0003   0185           00063          clrf      TRISA          ; All port A is output
0004   30F2           00064          movlw     b'11110010'    ; Set required keypad inputs
Message[302]: Register in operand not in bank 0.  Ensure that bank bits are correct.
0005   0086           00065          movwf     TRISB
Message[302]: Register in operand not in bank 0.  Ensure that bank bits are correct.
0006   0187           00066          clrf      TRISC          ; All port C is output
Message[302]: Register in operand not in bank 0.  Ensure that bank bits are correct.
0007   0188           00067          clrf      TRISD          ; All port D is output
                      00068 
0008   1283           00069          bcf       STATUS,RP0     ; select bank 0
0009   0185           00070          clrf      PORTA
000A   0186           00071          clrf      PORTB
000B   0187           00072          clrf      PORTC
000C   0188           00073          clrf      PORTD
                      00074           
000D   2059           00075          call      InitLCD        ;Initialize the LCD (code in lcd.asm; imported by lcd.inc)
                      00076 
                      00077 ;***************************************
                      00078 ; Main code
                      00079 ;***************************************
                      00080 Main    Display         Welcome_Msg
  0000                    M                 local   loop_
  0000                    M                 local   end_
000E   01F3               M                 clrf    Table_Counter
000F   0103               M                 clrw            
0010   0873               M loop_   movf    Table_Counter,W
0011   2019               M                 call    Welcome_Msg
0012   3A00               M                 xorlw   B'00000000' ;check WORK reg to see if 0 is returned
0013   1903               M                 btfsc   STATUS,Z
0014   2818               M                         goto    end_
0015   2089               M                 call    WR_DATA
0016   0AF3               M                 incf    Table_Counter,F
0017   2810               M                 goto    loop_
0018                      M end_
                      00081 
                      00082 ;SwtichLine
                      00083 ;               call            Switch_Lines
                      00084 ;               Display         Welcome_Msg
                      00085 
MPASM  5.20                          MAIN.ASM   2-3-2013  23:24:10         PAGE  3


LOC  OBJECT CODE     LINE SOURCE TEXT
  VALUE

                      00086 ;ChangeToQuestionMark
                      00087 ;               movlw           b'11001011'
                      00088 ;               call            WR_INS
                      00089 ;               movlw           "?"
                      00090 ;               call            WR_DATA
                      00091 
                      00092 ;ShiftDisplayLeft
                      00093 ;               call            Clear_Display
                      00094 ;
                      00095 ;               Display         Alphabet
                      00096 ;
                      00097 ;Left   movlw           b'00011000'             ;Move to the left
                      00098 ;               call            WR_INS
                      00099 ;               call            HalfS
                      00100 ;               goto            Left                    ;repeat operation
                      00101 ;               
0018   2818           00102                 goto    $
                      00103 
                      00104 
                      00105 ;***************************************
                      00106 ; Look up table
                      00107 ;***************************************
                      00108 
0019                  00109 Welcome_Msg     
0019   0782           00110                 addwf   PCL,F
001A   3448 3465 346C 00111                 dt              "Hello World!", 0
       346C 346F 3420 
       3457 346F 3472 
       346C 3464 3421 
       3400 
                      00112 
0027                  00113 Alphabet
0027   0782           00114                 addwf   PCL,F
0028   3441 3442 3443 00115                 dt              "ABCDEFGHIJKLMNOPQRSTUVWXYZ",0
       3444 3445 3446 
       3447 3448 3449 
       344A 344B 344C 
       344D 344E 344F 
       3450 3451 3452 
       3453 3454 3455 
       3456 3457 3458 
       3459 345A 3400 
                      00116 
                      00117 ;***************************************
                      00118 ; LCD control
                      00119 ;***************************************
0043                  00120 Switch_Lines
0043   30C0           00121                 movlw   B'11000000'
0044   207A           00122                 call    WR_INS
0045   0008           00123                 return
                      00124 
0046                  00125 Clear_Display
0046   3001           00126                 movlw   B'00000001'
MPASM  5.20                          MAIN.ASM   2-3-2013  23:24:10         PAGE  4


LOC  OBJECT CODE     LINE SOURCE TEXT
  VALUE

0047   207A           00127                 call    WR_INS
0048   0008           00128                 return
                      00129 
                      00130 ;***************************************
                      00131 ; Delay 0.5s
                      00132 ;***************************************
0049                  00133 HalfS   
  0000                00134         local   HalfS_0
0049   3088           00135       movlw 0x88
004A   00F0           00136       movwf COUNTH
004B   30BD           00137       movlw 0xBD
004C   00F1           00138       movwf COUNTM
004D   3003           00139       movlw 0x03
004E   00F2           00140       movwf COUNTL
                      00141 
004F                  00142 HalfS_0
004F   0BF0           00143       decfsz COUNTH, f
0050   2852           00144       goto   $+2
0051   0BF1           00145       decfsz COUNTM, f
0052   2854           00146       goto   $+2
0053   0BF2           00147       decfsz COUNTL, f
0054   284F           00148       goto   HalfS_0
                      00149 
0055   2856           00150       goto $+1
0056   0000           00151       nop
0057   0000           00152       nop
0058   0008           00153                 return
                      00154 
                      00155 
                      00156 ;******* LCD-related subroutines *******
                      00157 
                      00158 
                      00159     ;***********************************
0059                  00160 InitLCD
0059   1283           00161         bcf STATUS,RP0
005A   1588           00162         bsf E     ;E default high
                      00163         
                      00164         ;Wait for LCD POR to finish (~15ms)
005B   209A           00165         call lcdLongDelay
005C   209A           00166         call lcdLongDelay
005D   209A           00167         call lcdLongDelay
                      00168 
                      00169         ;Ensure 8-bit mode first (no way to immediately guarantee 4-bit mode)
                      00170         ; -> Send b'0011' 3 times
005E   3033           00171         movlw   b'00110011'
005F   207A           00172         call    WR_INS
0060   209A           00173         call lcdLongDelay
0061   209A           00174         call lcdLongDelay
0062   3032           00175         movlw   b'00110010'
0063   207A           00176         call    WR_INS
0064   209A           00177         call lcdLongDelay
0065   209A           00178         call lcdLongDelay
                      00179 
MPASM  5.20                          MAIN.ASM   2-3-2013  23:24:10         PAGE  5


LOC  OBJECT CODE     LINE SOURCE TEXT
  VALUE

                      00180         ; 4 bits, 2 lines, 5x7 dots
0066   3028           00181         movlw   b'00101000'
0067   207A           00182         call    WR_INS
0068   209A           00183         call lcdLongDelay
0069   209A           00184         call lcdLongDelay
                      00185 
                      00186         ; display on/off
006A   300C           00187         movlw   b'00001100'
006B   207A           00188         call    WR_INS
006C   209A           00189         call lcdLongDelay
006D   209A           00190         call lcdLongDelay
                      00191         
                      00192         ; Entry mode
006E   3006           00193         movlw   b'00000110'
006F   207A           00194         call    WR_INS
0070   209A           00195         call lcdLongDelay
0071   209A           00196         call lcdLongDelay
                      00197 
                      00198         ; Clear ram
0072   3001           00199         movlw   b'00000001'
0073   207A           00200         call    WR_INS
0074   209A           00201         call lcdLongDelay
0075   209A           00202         call lcdLongDelay
0076   0008           00203         return
                      00204     ;************************************
                      00205 
                      00206     ;ClrLCD: Clear the LCD display
0077                  00207 ClrLCD
0077   3001           00208         movlw   B'00000001'
0078   207A           00209         call    WR_INS
0079   0008           00210     return
                      00211 
                      00212     ;****************************************
                      00213     ; Write command to LCD - Input : W , output : -
                      00214     ;****************************************
007A                  00215 WR_INS
007A   1108           00216         bcf             RS                              ;clear RS
007B   00F7           00217         movwf   com                             ;W --> com
007C   39F0           00218         andlw   0xF0                    ;mask 4 bits MSB w = X0
007D   0088           00219         movwf   PORTD                   ;Send 4 bits MSB
007E   1588           00220         bsf             E                               ;
007F   209A           00221         call    lcdLongDelay    ;__    __
0080   1188           00222         bcf             E                               ;  |__|
0081   0E77           00223         swapf   com,w
0082   39F0           00224         andlw   0xF0                    ;1111 0010
0083   0088           00225         movwf   PORTD                   ;send 4 bits LSB
0084   1588           00226         bsf             E                               ;
0085   209A           00227         call    lcdLongDelay    ;__    __
0086   1188           00228         bcf             E                               ;  |__|
0087   209A           00229         call    lcdLongDelay
0088   0008           00230         return
                      00231 
                      00232     ;****************************************
MPASM  5.20                          MAIN.ASM   2-3-2013  23:24:10         PAGE  6


LOC  OBJECT CODE     LINE SOURCE TEXT
  VALUE

                      00233     ; Write data to LCD - Input : W , output : -
                      00234     ;****************************************
0089                  00235 WR_DATA
0089   1508           00236         bsf             RS                              
008A   00F8           00237         movwf   dat
008B   0878           00238         movf    dat,w
008C   39F0           00239         andlw   0xF0            
008D   3E04           00240         addlw   4
008E   0088           00241         movwf   PORTD           
008F   1588           00242         bsf             E                               ;
0090   209A           00243         call    lcdLongDelay    ;__    __
0091   1188           00244         bcf             E                               ;  |__|
0092   0E78           00245         swapf   dat,w
0093   39F0           00246         andlw   0xF0            
0094   3E04           00247         addlw   4
0095   0088           00248         movwf   PORTD           
0096   1588           00249         bsf             E                               ;
0097   209A           00250         call    lcdLongDelay    ;__    __
0098   1188           00251         bcf             E                               ;  |__|
0099   0008           00252         return
                      00253 
009A                  00254 lcdLongDelay
009A   3014           00255     movlw d'20'
009B   00F6           00256     movwf lcd_d2
009C                  00257 LLD_LOOP
                      00258     LCD_DELAY
009C   30FF               M         movlw   0xFF
009D   00F5               M         movwf   lcd_d1
009E   0BF5               M         decfsz  lcd_d1,f
009F   289E               M         goto    $-1
00A0   0BF6           00259     decfsz lcd_d2,f
00A1   289C           00260     goto LLD_LOOP
00A2   0008           00261     return
                      00262     
                      00263     
                      00264         END
MPASM  5.20                          MAIN.ASM   2-3-2013  23:24:10         PAGE  7


SYMBOL TABLE
  LABEL                             VALUE 

ACKDT                             00000005
ACKEN                             00000004
ACKSTAT                           00000006
ADCON0                            0000001F
ADCON1                            0000009F
ADCS0                             00000006
ADCS1                             00000007
ADDEN                             00000003
ADFM                              00000007
ADIE                              00000006
ADIF                              00000006
ADON                              00000000
ADRESH                            0000001E
ADRESL                            0000009E
Alphabet                          00000027
BCLIE                             00000003
BCLIF                             00000003
BF                                00000000
BRGH                              00000002
C                                 00000000
CCP1CON                           00000017
CCP1IE                            00000002
CCP1IF                            00000002
CCP1M0                            00000000
CCP1M1                            00000001
CCP1M2                            00000002
CCP1M3                            00000003
CCP1X                             00000005
CCP1Y                             00000004
CCP2CON                           0000001D
CCP2IE                            00000000
CCP2IF                            00000000
CCP2M0                            00000000
CCP2M1                            00000001
CCP2M2                            00000002
CCP2M3                            00000003
CCP2X                             00000005
CCP2Y                             00000004
CCPR1H                            00000016
CCPR1L                            00000015
CCPR2H                            0000001C
CCPR2L                            0000001B
CHS0                              00000003
CHS1                              00000004
CHS2                              00000005
CKE                               00000006
CKP                               00000004
COUNTH                            00000070
COUNTL                            00000072
COUNTM                            00000071
CREN                              00000004
CSRC                              00000007
Clear_Display                     00000046
MPASM  5.20                          MAIN.ASM   2-3-2013  23:24:10         PAGE  8


SYMBOL TABLE
  LABEL                             VALUE 

ClrLCD                            00000077
D                                 00000005
DATA_ADDRESS                      00000005
DC                                00000001
D_A                               00000005
Display                           
E                                 PORTD,3
EEADR                             0000010D
EEADRH                            0000010F
EECON1                            0000018C
EECON2                            0000018D
EEDATA                            0000010C
EEDATH                            0000010E
EEIE                              00000004
EEIF                              00000004
EEPGD                             00000007
F                                 00000001
FERR                              00000002
FSR                               00000004
GCEN                              00000007
GIE                               00000007
GO                                00000002
GO_DONE                           00000002
HalfS                             00000049
I2C_DATA                          00000005
I2C_READ                          00000002
I2C_START                         00000003
I2C_STOP                          00000004
IBF                               00000007
IBOV                              00000005
INDF                              00000000
INTCON                            0000000B
INTE                              00000004
INTEDG                            00000006
INTF                              00000001
IRP                               00000007
InitLCD                           00000059
LCD_DELAY                         
LLD_LOOP                          0000009C
Main                              0000000E
NOT_A                             00000005
NOT_ADDRESS                       00000005
NOT_BO                            00000000
NOT_BOR                           00000000
NOT_DONE                          00000002
NOT_PD                            00000003
NOT_POR                           00000001
NOT_RBPU                          00000007
NOT_RC8                           00000006
NOT_T1SYNC                        00000002
NOT_TO                            00000004
NOT_TX8                           00000006
NOT_W                             00000002
MPASM  5.20                          MAIN.ASM   2-3-2013  23:24:10         PAGE  9


SYMBOL TABLE
  LABEL                             VALUE 

NOT_WRITE                         00000002
OBF                               00000006
OERR                              00000001
OPTION_REG                        00000081
P                                 00000004
PCFG0                             00000000
PCFG1                             00000001
PCFG2                             00000002
PCFG3                             00000003
PCL                               00000002
PCLATH                            0000000A
PCON                              0000008E
PEIE                              00000006
PEN                               00000002
PIE1                              0000008C
PIE2                              0000008D
PIR1                              0000000C
PIR2                              0000000D
PORTA                             00000005
PORTB                             00000006
PORTC                             00000007
PORTD                             00000008
PORTE                             00000009
PR2                               00000092
PS0                               00000000
PS1                               00000001
PS2                               00000002
PSA                               00000003
PSPIE                             00000007
PSPIF                             00000007
PSPMODE                           00000004
R                                 00000002
RBIE                              00000003
RBIF                              00000000
RC8_9                             00000006
RC9                               00000006
RCD8                              00000000
RCEN                              00000003
RCIE                              00000005
RCIF                              00000005
RCREG                             0000001A
RCSTA                             00000018
RD                                00000000
READ_WRITE                        00000002
RP0                               00000005
RP1                               00000006
RS                                PORTD,2
RSEN                              00000001
RX9                               00000006
RX9D                              00000000
R_W                               00000002
S                                 00000003
SEN                               00000000
MPASM  5.20                          MAIN.ASM   2-3-2013  23:24:10         PAGE 10


SYMBOL TABLE
  LABEL                             VALUE 

SMP                               00000007
SPBRG                             00000099
SPEN                              00000007
SREN                              00000005
SSPADD                            00000093
SSPBUF                            00000013
SSPCON                            00000014
SSPCON2                           00000091
SSPEN                             00000005
SSPIE                             00000003
SSPIF                             00000003
SSPM0                             00000000
SSPM1                             00000001
SSPM2                             00000002
SSPM3                             00000003
SSPOV                             00000006
SSPSTAT                           00000094
STATUS                            00000003
SYNC                              00000004
Switch_Lines                      00000043
T0CS                              00000005
T0IE                              00000005
T0IF                              00000002
T0SE                              00000004
T1CKPS0                           00000004
T1CKPS1                           00000005
T1CON                             00000010
T1INSYNC                          00000002
T1OSCEN                           00000003
T1SYNC                            00000002
T2CKPS0                           00000000
T2CKPS1                           00000001
T2CON                             00000012
TMR0                              00000001
TMR1CS                            00000001
TMR1H                             0000000F
TMR1IE                            00000000
TMR1IF                            00000000
TMR1L                             0000000E
TMR1ON                            00000000
TMR2                              00000011
TMR2IE                            00000001
TMR2IF                            00000001
TMR2ON                            00000002
TOUTPS0                           00000003
TOUTPS1                           00000004
TOUTPS2                           00000005
TOUTPS3                           00000006
TRISA                             00000085
TRISB                             00000086
TRISC                             00000087
TRISD                             00000088
TRISE                             00000089
MPASM  5.20                          MAIN.ASM   2-3-2013  23:24:10         PAGE 11


SYMBOL TABLE
  LABEL                             VALUE 

TRISE0                            00000000
TRISE1                            00000001
TRISE2                            00000002
TRMT                              00000001
TX8_9                             00000006
TX9                               00000006
TX9D                              00000000
TXD8                              00000000
TXEN                              00000005
TXIE                              00000004
TXIF                              00000004
TXREG                             00000019
TXSTA                             00000098
Table_Counter                     00000073
UA                                00000001
W                                 00000000
WCOL                              00000007
WR                                00000001
WREN                              00000002
WRERR                             00000003
WR_DATA                           00000089
WR_INS                            0000007A
Welcome_Msg                       00000019
Z                                 00000002
_BODEN_OFF                        00003FBF
_BODEN_ON                         00003FFF
_CPD_OFF                          00003FFF
_CPD_ON                           00003EFF
_CP_ALL                           00000FCF
_CP_HALF                          00001FDF
_CP_OFF                           00003FFF
_CP_UPPER_256                     00002FEF
_DEBUG_OFF                        00003FFF
_DEBUG_ON                         000037FF
_HS_OSC                           00003FFE
_LP_OSC                           00003FFC
_LVP_OFF                          00003F7F
_LVP_ON                           00003FFF
_PWRTE_OFF                        00003FFF
_PWRTE_ON                         00003FF7
_RC_OSC                           00003FFF
_WDT_OFF                          00003FFB
_WDT_ON                           00003FFF
_WRT_ENABLE_OFF                   00003DFF
_WRT_ENABLE_ON                    00003FFF
_XT_OSC                           00003FFD
__16F877                          00000001
com                               00000077
dat                               00000078
init                              00000001
lcdLongDelay                      0000009A
lcd_d1                            00000075
lcd_d2                            00000076
MPASM  5.20                          MAIN.ASM   2-3-2013  23:24:10         PAGE 12


SYMBOL TABLE
  LABEL                             VALUE 

lcd_tmp                           00000074


MEMORY USAGE MAP ('X' = Used,  '-' = Unused)

0000 : XXXXXXXXXXXXXXXX XXXXXXXXXXXXXXXX XXXXXXXXXXXXXXXX XXXXXXXXXXXXXXXX
0040 : XXXXXXXXXXXXXXXX XXXXXXXXXXXXXXXX XXXXXXXXXXXXXXXX XXXXXXXXXXXXXXXX
0080 : XXXXXXXXXXXXXXXX XXXXXXXXXXXXXXXX XXX------------- ----------------
2000 : -------X-------- ---------------- ---------------- ----------------

All other memory blocks unused.

Program Memory Words Used:   163
Program Memory Words Free:  8029


Errors   :     0
Warnings :     0 reported,     0 suppressed
Messages :     4 reported,     0 suppressed

