MPASM 5.65                          MAIN.ASM   1-19-2016  14:51:55         PAGE  1


LOC  OBJECT CODE     LINE SOURCE TEXT
  VALUE

                      00001 ;Port Tester
                      00002 ;Sequentially turns on all pins that have debug lights on the DevBugger board
                      00003 
                      00004       processor pic16f877
                      00005       #include <p16f877.inc>
                      00001         LIST
                      00002 
                      00003 ;==========================================================================
                      00004 ; Build date : Dec 08 2015
                      00005 ;  MPASM PIC16F877 processor include
                      00006 ; 
                      00007 ;  (c) Copyright 1999-2015 Microchip Technology, All rights reserved
                      00008 ;==========================================================================
                      00009 
                      00541         LIST
2007   3F72           00006       __CONFIG _CP_OFF & _WDT_OFF & _BODEN_ON & _PWRTE_ON & _HS_OSC & _WRT_ENABLE_ON & _CPD_OFF & _LVP_O
                            FF
                      00007 
                      00008       cblock   0xFF0    ;changing cblock value doesn't change the speed of LED passing, so must be some 
                            sort of address
  00000FF0            00009          d1
  00000FF1            00010          d2
  00000FF2            00011                  d3
  00000FF3            00012          i
  00000FF4            00013          mask
                      00014       endc
                      00015 
                      00016 ROTATE   macro    PORT
                      00017          bcf      STATUS,C    ;Clear the Carry bit so it isn't rotated into PORT
                      00018          rlf      PORT        ;Rotate PORT to the left (bitshift)
                      00019          d3
                      00020          i
                      00021          mask
                      00022       endc
                      00023 
                      00024 ROTATE   macro    PORT
                      00025          bcf      STATUS,C    ;Clear the Carry bit so it isn't rotated into PORT
                      00026                  call     delay       ;Delay for a bit so we can actually see it
                      00027          endm
                      00028 
                      00029       org 0x00
0000   018B           00030          clrf     INTCON         ;Turn off interrupts
0001   1683           00031          bsf      STATUS,RP0     ; select bank 1
Message[302]: Register in operand not in bank 0.  Ensure that bank bits are correct.
0002   0185           00032          clrf     TRISA          ; All ports are completely output
Message[302]: Register in operand not in bank 0.  Ensure that bank bits are correct.
0003   0186           00033          clrf     TRISB
Message[302]: Register in operand not in bank 0.  Ensure that bank bits are correct.
0004   0187           00034          clrf     TRISC
Message[302]: Register in operand not in bank 0.  Ensure that bank bits are correct.
0005   0188           00035          clrf     TRISD
Message[302]: Register in operand not in bank 0.  Ensure that bank bits are correct.
0006   0189           00036          clrf     TRISE
MPASM 5.65                          MAIN.ASM   1-19-2016  14:51:55         PAGE  2


LOC  OBJECT CODE     LINE SOURCE TEXT
  VALUE

0007   3006           00037          movlw    0x06           ;Turn off A/D conversion
Message[302]: Register in operand not in bank 0.  Ensure that bank bits are correct.
0008   009F           00038          movwf    ADCON1
                      00039          
                      00040          ;Reset delay counters
Warning[219]: Invalid RAM location specified.
Message[302]: Register in operand not in bank 0.  Ensure that bank bits are correct.
0009   01F0           00041          clrf     d1
Warning[219]: Invalid RAM location specified.
Message[302]: Register in operand not in bank 0.  Ensure that bank bits are correct.
000A   01F1           00042          clrf     d2
                      00043          
                      00044          ;Initialize all ports to 0
000B   1283 1303      00045          banksel  PORTA
000D   0185           00046          clrf     PORTA
000E   0186           00047          clrf     PORTB
000F   0187           00048          clrf     PORTC
0010   0188           00049          clrf     PORTD
0011   0189           00050          clrf     PORTE
                      00051          
0012   3001           00052 begin    movlw    d'1'     ;Start PORTE as 0b00000001
0013   0089           00053          movwf    PORTE
0014   2???           00054          call     delay
                      00055          ROTATE   PORTE    ;PORTE = 0b00000010
0015   1003               M          bcf      STATUS,C    ;Clear the Carry bit so it isn't rotated into PORT
Message[305]: Using default destination of 1 (file).
0016   0D89               M          rlf      PORTE       ;Rotate PORT to the left (bitshift)
Warning[207]: Found label after column 1. (d3)
Error[115]  : Duplicate label ("d3" or redefining symbol that cannot be redefined)
0017                      M          d3
Warning[207]: Found label after column 1. (i)
Error[115]  : Duplicate label ("i" or redefining symbol that cannot be redefined)
0017                      M          i
Warning[207]: Found label after column 1. (mask)
Error[115]  : Duplicate label ("mask" or redefining symbol that cannot be redefined)
0017                      M          mask
Error[144]  : Unmatched ENDC
                          M       endc
                          M 
Warning[206]: Found call to macro in column 1. (ROTATE)
Error[136]  : Duplicate macro name (ROTATE)
                          M ROTATE   macro    PORTE
0017   1003               M          bcf      STATUS,C    ;Clear the Carry bit so it isn't rotated into PORT
0018   2???               M                  call     delay       ;Delay for a bit so we can actually see it
0019   0189           00056          clrf     PORTE    ;PORTE = 0
                      00057          
001A   3001           00058          movlw    d'1'
001B   0085           00059          movwf    PORTA    ;PORTA = 0b00000001
001C   2???           00060          call     delay
                      00061          ROTATE   PORTA    ;PORTA = b'00000010'
001D   1003               M          bcf      STATUS,C    ;Clear the Carry bit so it isn't rotated into PORT
Message[305]: Using default destination of 1 (file).
001E   0D85               M          rlf      PORTA       ;Rotate PORT to the left (bitshift)
MPASM 5.65                          MAIN.ASM   1-19-2016  14:51:55         PAGE  3


LOC  OBJECT CODE     LINE SOURCE TEXT
  VALUE

Warning[207]: Found label after column 1. (d3)
Error[115]  : Duplicate label ("d3" or redefining symbol that cannot be redefined)
001F                      M          d3
Warning[207]: Found label after column 1. (i)
Error[115]  : Duplicate label ("i" or redefining symbol that cannot be redefined)
001F                      M          i
Warning[207]: Found label after column 1. (mask)
Error[115]  : Duplicate label ("mask" or redefining symbol that cannot be redefined)
001F                      M          mask
Error[144]  : Unmatched ENDC
                          M       endc
                          M 
Warning[206]: Found call to macro in column 1. (ROTATE)
Error[136]  : Duplicate macro name (ROTATE)
                          M ROTATE   macro    PORTA
001F   1003               M          bcf      STATUS,C    ;Clear the Carry bit so it isn't rotated into PORT
0020   2???               M                  call     delay       ;Delay for a bit so we can actually see it
                      00062          ROTATE   PORTA    ;PORTA = b'00000100'
0021   1003               M          bcf      STATUS,C    ;Clear the Carry bit so it isn't rotated into PORT
Message[305]: Using default destination of 1 (file).
0022   0D85               M          rlf      PORTA       ;Rotate PORT to the left (bitshift)
Warning[207]: Found label after column 1. (d3)
Error[115]  : Duplicate label ("d3" or redefining symbol that cannot be redefined)
0023                      M          d3
Warning[207]: Found label after column 1. (i)
Error[115]  : Duplicate label ("i" or redefining symbol that cannot be redefined)
0023                      M          i
Warning[207]: Found label after column 1. (mask)
Error[115]  : Duplicate label ("mask" or redefining symbol that cannot be redefined)
0023                      M          mask
Error[144]  : Unmatched ENDC
                          M       endc
                          M 
Warning[206]: Found call to macro in column 1. (ROTATE)
Error[136]  : Duplicate macro name (ROTATE)
                          M ROTATE   macro    PORTA
0023   1003               M          bcf      STATUS,C    ;Clear the Carry bit so it isn't rotated into PORT
0024   2???               M                  call     delay       ;Delay for a bit so we can actually see it
                      00063          ROTATE   PORTA    ;PORTA = b'00001000'
0025   1003               M          bcf      STATUS,C    ;Clear the Carry bit so it isn't rotated into PORT
Message[305]: Using default destination of 1 (file).
0026   0D85               M          rlf      PORTA       ;Rotate PORT to the left (bitshift)
Warning[207]: Found label after column 1. (d3)
Error[115]  : Duplicate label ("d3" or redefining symbol that cannot be redefined)
0027                      M          d3
Warning[207]: Found label after column 1. (i)
Error[115]  : Duplicate label ("i" or redefining symbol that cannot be redefined)
0027                      M          i
Warning[207]: Found label after column 1. (mask)
Error[115]  : Duplicate label ("mask" or redefining symbol that cannot be redefined)
0027                      M          mask
Error[144]  : Unmatched ENDC
                          M       endc
MPASM 5.65                          MAIN.ASM   1-19-2016  14:51:55         PAGE  4


LOC  OBJECT CODE     LINE SOURCE TEXT
  VALUE

                          M 
Warning[206]: Found call to macro in column 1. (ROTATE)
Error[136]  : Duplicate macro name (ROTATE)
                          M ROTATE   macro    PORTA
0027   1003               M          bcf      STATUS,C    ;Clear the Carry bit so it isn't rotated into PORT
0028   2???               M                  call     delay       ;Delay for a bit so we can actually see it
                      00064          ROTATE   PORTA    ;PORTA = b'00010000'
0029   1003               M          bcf      STATUS,C    ;Clear the Carry bit so it isn't rotated into PORT
Message[305]: Using default destination of 1 (file).
002A   0D85               M          rlf      PORTA       ;Rotate PORT to the left (bitshift)
Warning[207]: Found label after column 1. (d3)
Error[115]  : Duplicate label ("d3" or redefining symbol that cannot be redefined)
002B                      M          d3
Warning[207]: Found label after column 1. (i)
Error[115]  : Duplicate label ("i" or redefining symbol that cannot be redefined)
002B                      M          i
Warning[207]: Found label after column 1. (mask)
Error[115]  : Duplicate label ("mask" or redefining symbol that cannot be redefined)
002B                      M          mask
Error[144]  : Unmatched ENDC
                          M       endc
                          M 
Warning[206]: Found call to macro in column 1. (ROTATE)
Error[136]  : Duplicate macro name (ROTATE)
                          M ROTATE   macro    PORTA
002B   1003               M          bcf      STATUS,C    ;Clear the Carry bit so it isn't rotated into PORT
002C   2???               M                  call     delay       ;Delay for a bit so we can actually see it
002D   3020           00065          movlw    b'00100000'  ;Note: RLF doesn't work after RA4 if RA4 not pulled up.
002E   0085           00066          movwf    PORTA    ; This is because RLF reads PORTA, rotates it, and writes it again.
002F   2???           00067          call     delay
0030   0185           00068          clrf     PORTA    ;PORTA = 0
                      00069          
0031   3001           00070          movlw    d'1'
0032   0086           00071          movwf    PORTB
0033   2???           00072          call     delay
                      00073          ROTATE   PORTB
0034   1003               M          bcf      STATUS,C    ;Clear the Carry bit so it isn't rotated into PORT
Message[305]: Using default destination of 1 (file).
0035   0D86               M          rlf      PORTB       ;Rotate PORT to the left (bitshift)
Warning[207]: Found label after column 1. (d3)
Error[115]  : Duplicate label ("d3" or redefining symbol that cannot be redefined)
0036                      M          d3
Warning[207]: Found label after column 1. (i)
Error[115]  : Duplicate label ("i" or redefining symbol that cannot be redefined)
0036                      M          i
Warning[207]: Found label after column 1. (mask)
Error[115]  : Duplicate label ("mask" or redefining symbol that cannot be redefined)
0036                      M          mask
Error[144]  : Unmatched ENDC
                          M       endc
                          M 
Warning[206]: Found call to macro in column 1. (ROTATE)
Error[136]  : Duplicate macro name (ROTATE)
MPASM 5.65                          MAIN.ASM   1-19-2016  14:51:55         PAGE  5


LOC  OBJECT CODE     LINE SOURCE TEXT
  VALUE

                          M ROTATE   macro    PORTB
0036   1003               M          bcf      STATUS,C    ;Clear the Carry bit so it isn't rotated into PORT
0037   2???               M                  call     delay       ;Delay for a bit so we can actually see it
                      00074          ROTATE   PORTB
0038   1003               M          bcf      STATUS,C    ;Clear the Carry bit so it isn't rotated into PORT
Message[305]: Using default destination of 1 (file).
0039   0D86               M          rlf      PORTB       ;Rotate PORT to the left (bitshift)
Warning[207]: Found label after column 1. (d3)
Error[115]  : Duplicate label ("d3" or redefining symbol that cannot be redefined)
003A                      M          d3
Warning[207]: Found label after column 1. (i)
Error[115]  : Duplicate label ("i" or redefining symbol that cannot be redefined)
003A                      M          i
Warning[207]: Found label after column 1. (mask)
Error[115]  : Duplicate label ("mask" or redefining symbol that cannot be redefined)
003A                      M          mask
Error[144]  : Unmatched ENDC
                          M       endc
                          M 
Warning[206]: Found call to macro in column 1. (ROTATE)
Error[136]  : Duplicate macro name (ROTATE)
                          M ROTATE   macro    PORTB
003A   1003               M          bcf      STATUS,C    ;Clear the Carry bit so it isn't rotated into PORT
003B   2???               M                  call     delay       ;Delay for a bit so we can actually see it
                      00075          ROTATE   PORTB
003C   1003               M          bcf      STATUS,C    ;Clear the Carry bit so it isn't rotated into PORT
Message[305]: Using default destination of 1 (file).
003D   0D86               M          rlf      PORTB       ;Rotate PORT to the left (bitshift)
Warning[207]: Found label after column 1. (d3)
Error[115]  : Duplicate label ("d3" or redefining symbol that cannot be redefined)
003E                      M          d3
Warning[207]: Found label after column 1. (i)
Error[115]  : Duplicate label ("i" or redefining symbol that cannot be redefined)
003E                      M          i
Warning[207]: Found label after column 1. (mask)
Error[115]  : Duplicate label ("mask" or redefining symbol that cannot be redefined)
003E                      M          mask
Error[144]  : Unmatched ENDC
                          M       endc
                          M 
Warning[206]: Found call to macro in column 1. (ROTATE)
Error[136]  : Duplicate macro name (ROTATE)
                          M ROTATE   macro    PORTB
003E   1003               M          bcf      STATUS,C    ;Clear the Carry bit so it isn't rotated into PORT
003F   2???               M                  call     delay       ;Delay for a bit so we can actually see it
                      00076          ROTATE   PORTB
0040   1003               M          bcf      STATUS,C    ;Clear the Carry bit so it isn't rotated into PORT
Message[305]: Using default destination of 1 (file).
0041   0D86               M          rlf      PORTB       ;Rotate PORT to the left (bitshift)
Warning[207]: Found label after column 1. (d3)
Error[115]  : Duplicate label ("d3" or redefining symbol that cannot be redefined)
0042                      M          d3
Warning[207]: Found label after column 1. (i)
MPASM 5.65                          MAIN.ASM   1-19-2016  14:51:55         PAGE  6


LOC  OBJECT CODE     LINE SOURCE TEXT
  VALUE

Error[115]  : Duplicate label ("i" or redefining symbol that cannot be redefined)
0042                      M          i
Warning[207]: Found label after column 1. (mask)
Error[115]  : Duplicate label ("mask" or redefining symbol that cannot be redefined)
0042                      M          mask
Error[144]  : Unmatched ENDC
                          M       endc
                          M 
Warning[206]: Found call to macro in column 1. (ROTATE)
Error[136]  : Duplicate macro name (ROTATE)
                          M ROTATE   macro    PORTB
0042   1003               M          bcf      STATUS,C    ;Clear the Carry bit so it isn't rotated into PORT
0043   2???               M                  call     delay       ;Delay for a bit so we can actually see it
                      00077          ROTATE   PORTB
0044   1003               M          bcf      STATUS,C    ;Clear the Carry bit so it isn't rotated into PORT
Message[305]: Using default destination of 1 (file).
0045   0D86               M          rlf      PORTB       ;Rotate PORT to the left (bitshift)
Warning[207]: Found label after column 1. (d3)
Error[115]  : Duplicate label ("d3" or redefining symbol that cannot be redefined)
0046                      M          d3
Warning[207]: Found label after column 1. (i)
Error[115]  : Duplicate label ("i" or redefining symbol that cannot be redefined)
0046                      M          i
Warning[207]: Found label after column 1. (mask)
Error[115]  : Duplicate label ("mask" or redefining symbol that cannot be redefined)
0046                      M          mask
Error[144]  : Unmatched ENDC
                          M       endc
                          M 
Warning[206]: Found call to macro in column 1. (ROTATE)
Error[136]  : Duplicate macro name (ROTATE)
                          M ROTATE   macro    PORTB
0046   1003               M          bcf      STATUS,C    ;Clear the Carry bit so it isn't rotated into PORT
0047   2???               M                  call     delay       ;Delay for a bit so we can actually see it
                      00078          ROTATE   PORTB
0048   1003               M          bcf      STATUS,C    ;Clear the Carry bit so it isn't rotated into PORT
Message[305]: Using default destination of 1 (file).
0049   0D86               M          rlf      PORTB       ;Rotate PORT to the left (bitshift)
Warning[207]: Found label after column 1. (d3)
Error[115]  : Duplicate label ("d3" or redefining symbol that cannot be redefined)
004A                      M          d3
Warning[207]: Found label after column 1. (i)
Error[115]  : Duplicate label ("i" or redefining symbol that cannot be redefined)
004A                      M          i
Warning[207]: Found label after column 1. (mask)
Error[115]  : Duplicate label ("mask" or redefining symbol that cannot be redefined)
004A                      M          mask
Error[144]  : Unmatched ENDC
                          M       endc
                          M 
Warning[206]: Found call to macro in column 1. (ROTATE)
Error[136]  : Duplicate macro name (ROTATE)
                          M ROTATE   macro    PORTB
MPASM 5.65                          MAIN.ASM   1-19-2016  14:51:55         PAGE  7


LOC  OBJECT CODE     LINE SOURCE TEXT
  VALUE

004A   1003               M          bcf      STATUS,C    ;Clear the Carry bit so it isn't rotated into PORT
004B   2???               M                  call     delay       ;Delay for a bit so we can actually see it
                      00079          ROTATE   PORTB
004C   1003               M          bcf      STATUS,C    ;Clear the Carry bit so it isn't rotated into PORT
Message[305]: Using default destination of 1 (file).
004D   0D86               M          rlf      PORTB       ;Rotate PORT to the left (bitshift)
Warning[207]: Found label after column 1. (d3)
Error[115]  : Duplicate label ("d3" or redefining symbol that cannot be redefined)
004E                      M          d3
Warning[207]: Found label after column 1. (i)
Error[115]  : Duplicate label ("i" or redefining symbol that cannot be redefined)
004E                      M          i
Warning[207]: Found label after column 1. (mask)
Error[115]  : Duplicate label ("mask" or redefining symbol that cannot be redefined)
004E                      M          mask
Error[144]  : Unmatched ENDC
                          M       endc
                          M 
Warning[206]: Found call to macro in column 1. (ROTATE)
Error[136]  : Duplicate macro name (ROTATE)
                          M ROTATE   macro    PORTB
004E   1003               M          bcf      STATUS,C    ;Clear the Carry bit so it isn't rotated into PORT
004F   2???               M                  call     delay       ;Delay for a bit so we can actually see it
0050   0186           00080          clrf     PORTB
                      00081          
0051   3001           00082          movlw    d'1'
0052   0087           00083          movwf    PORTC
0053   2???           00084          call     delay
                      00085          ROTATE   PORTC
0054   1003               M          bcf      STATUS,C    ;Clear the Carry bit so it isn't rotated into PORT
Message[305]: Using default destination of 1 (file).
0055   0D87               M          rlf      PORTC       ;Rotate PORT to the left (bitshift)
Warning[207]: Found label after column 1. (d3)
Error[115]  : Duplicate label ("d3" or redefining symbol that cannot be redefined)
0056                      M          d3
Warning[207]: Found label after column 1. (i)
Error[115]  : Duplicate label ("i" or redefining symbol that cannot be redefined)
0056                      M          i
Warning[207]: Found label after column 1. (mask)
Error[115]  : Duplicate label ("mask" or redefining symbol that cannot be redefined)
0056                      M          mask
Error[144]  : Unmatched ENDC
                          M       endc
                          M 
Warning[206]: Found call to macro in column 1. (ROTATE)
Error[136]  : Duplicate macro name (ROTATE)
                          M ROTATE   macro    PORTC
0056   1003               M          bcf      STATUS,C    ;Clear the Carry bit so it isn't rotated into PORT
0057   2???               M                  call     delay       ;Delay for a bit so we can actually see it
                      00086          ROTATE   PORTC
0058   1003               M          bcf      STATUS,C    ;Clear the Carry bit so it isn't rotated into PORT
Message[305]: Using default destination of 1 (file).
0059   0D87               M          rlf      PORTC       ;Rotate PORT to the left (bitshift)
MPASM 5.65                          MAIN.ASM   1-19-2016  14:51:55         PAGE  8


LOC  OBJECT CODE     LINE SOURCE TEXT
  VALUE

Warning[207]: Found label after column 1. (d3)
Error[115]  : Duplicate label ("d3" or redefining symbol that cannot be redefined)
005A                      M          d3
Warning[207]: Found label after column 1. (i)
Error[115]  : Duplicate label ("i" or redefining symbol that cannot be redefined)
005A                      M          i
Warning[207]: Found label after column 1. (mask)
Error[115]  : Duplicate label ("mask" or redefining symbol that cannot be redefined)
005A                      M          mask
Error[144]  : Unmatched ENDC
                          M       endc
                          M 
Warning[206]: Found call to macro in column 1. (ROTATE)
Error[136]  : Duplicate macro name (ROTATE)
                          M ROTATE   macro    PORTC
005A   1003               M          bcf      STATUS,C    ;Clear the Carry bit so it isn't rotated into PORT
005B   2???               M                  call     delay       ;Delay for a bit so we can actually see it
                      00087          ROTATE   PORTC
005C   1003               M          bcf      STATUS,C    ;Clear the Carry bit so it isn't rotated into PORT
Message[305]: Using default destination of 1 (file).
005D   0D87               M          rlf      PORTC       ;Rotate PORT to the left (bitshift)
Warning[207]: Found label after column 1. (d3)
Error[115]  : Duplicate label ("d3" or redefining symbol that cannot be redefined)
005E                      M          d3
Warning[207]: Found label after column 1. (i)
Error[115]  : Duplicate label ("i" or redefining symbol that cannot be redefined)
005E                      M          i
Warning[207]: Found label after column 1. (mask)
Error[115]  : Duplicate label ("mask" or redefining symbol that cannot be redefined)
005E                      M          mask
Error[144]  : Unmatched ENDC
                          M       endc
                          M 
Warning[206]: Found call to macro in column 1. (ROTATE)
Error[136]  : Duplicate macro name (ROTATE)
                          M ROTATE   macro    PORTC
005E   1003               M          bcf      STATUS,C    ;Clear the Carry bit so it isn't rotated into PORT
005F   2???               M                  call     delay       ;Delay for a bit so we can actually see it
                      00088          ROTATE   PORTC
0060   1003               M          bcf      STATUS,C    ;Clear the Carry bit so it isn't rotated into PORT
Message[305]: Using default destination of 1 (file).
0061   0D87               M          rlf      PORTC       ;Rotate PORT to the left (bitshift)
Warning[207]: Found label after column 1. (d3)
Error[115]  : Duplicate label ("d3" or redefining symbol that cannot be redefined)
0062                      M          d3
Warning[207]: Found label after column 1. (i)
Error[115]  : Duplicate label ("i" or redefining symbol that cannot be redefined)
0062                      M          i
Warning[207]: Found label after column 1. (mask)
Error[115]  : Duplicate label ("mask" or redefining symbol that cannot be redefined)
0062                      M          mask
Error[144]  : Unmatched ENDC
                          M       endc
MPASM 5.65                          MAIN.ASM   1-19-2016  14:51:55         PAGE  9


LOC  OBJECT CODE     LINE SOURCE TEXT
  VALUE

                          M 
Warning[206]: Found call to macro in column 1. (ROTATE)
Error[136]  : Duplicate macro name (ROTATE)
                          M ROTATE   macro    PORTC
0062   1003               M          bcf      STATUS,C    ;Clear the Carry bit so it isn't rotated into PORT
0063   2???               M                  call     delay       ;Delay for a bit so we can actually see it
                      00089          ROTATE   PORTC
0064   1003               M          bcf      STATUS,C    ;Clear the Carry bit so it isn't rotated into PORT
Message[305]: Using default destination of 1 (file).
0065   0D87               M          rlf      PORTC       ;Rotate PORT to the left (bitshift)
Warning[207]: Found label after column 1. (d3)
Error[115]  : Duplicate label ("d3" or redefining symbol that cannot be redefined)
0066                      M          d3
Warning[207]: Found label after column 1. (i)
Error[115]  : Duplicate label ("i" or redefining symbol that cannot be redefined)
0066                      M          i
Warning[207]: Found label after column 1. (mask)
Error[115]  : Duplicate label ("mask" or redefining symbol that cannot be redefined)
0066                      M          mask
Error[144]  : Unmatched ENDC
                          M       endc
                          M 
Warning[206]: Found call to macro in column 1. (ROTATE)
Error[136]  : Duplicate macro name (ROTATE)
                          M ROTATE   macro    PORTC
0066   1003               M          bcf      STATUS,C    ;Clear the Carry bit so it isn't rotated into PORT
0067   2???               M                  call     delay       ;Delay for a bit so we can actually see it
                      00090          ROTATE   PORTC
0068   1003               M          bcf      STATUS,C    ;Clear the Carry bit so it isn't rotated into PORT
Message[305]: Using default destination of 1 (file).
0069   0D87               M          rlf      PORTC       ;Rotate PORT to the left (bitshift)
Warning[207]: Found label after column 1. (d3)
Error[115]  : Duplicate label ("d3" or redefining symbol that cannot be redefined)
006A                      M          d3
Warning[207]: Found label after column 1. (i)
Error[115]  : Duplicate label ("i" or redefining symbol that cannot be redefined)
006A                      M          i
Warning[207]: Found label after column 1. (mask)
Error[115]  : Duplicate label ("mask" or redefining symbol that cannot be redefined)
006A                      M          mask
Error[144]  : Unmatched ENDC
                          M       endc
                          M 
Warning[206]: Found call to macro in column 1. (ROTATE)
Error[136]  : Duplicate macro name (ROTATE)
                          M ROTATE   macro    PORTC
006A   1003               M          bcf      STATUS,C    ;Clear the Carry bit so it isn't rotated into PORT
006B   2???               M                  call     delay       ;Delay for a bit so we can actually see it
                      00091          ROTATE   PORTC
006C   1003               M          bcf      STATUS,C    ;Clear the Carry bit so it isn't rotated into PORT
Message[305]: Using default destination of 1 (file).
006D   0D87               M          rlf      PORTC       ;Rotate PORT to the left (bitshift)
Warning[207]: Found label after column 1. (d3)
MPASM 5.65                          MAIN.ASM   1-19-2016  14:51:55         PAGE 10


LOC  OBJECT CODE     LINE SOURCE TEXT
  VALUE

Error[115]  : Duplicate label ("d3" or redefining symbol that cannot be redefined)
006E                      M          d3
Warning[207]: Found label after column 1. (i)
Error[115]  : Duplicate label ("i" or redefining symbol that cannot be redefined)
006E                      M          i
Warning[207]: Found label after column 1. (mask)
Error[115]  : Duplicate label ("mask" or redefining symbol that cannot be redefined)
006E                      M          mask
Error[144]  : Unmatched ENDC
                          M       endc
                          M 
Warning[206]: Found call to macro in column 1. (ROTATE)
Error[136]  : Duplicate macro name (ROTATE)
                          M ROTATE   macro    PORTC
006E   1003               M          bcf      STATUS,C    ;Clear the Carry bit so it isn't rotated into PORT
006F   2???               M                  call     delay       ;Delay for a bit so we can actually see it
0070   0187           00092          clrf     PORTC
                      00093          
0071   3001           00094          movlw    d'1'
0072   0088           00095          movwf    PORTD
0073   2???           00096          call     delay
                      00097          ROTATE   PORTD
0074   1003               M          bcf      STATUS,C    ;Clear the Carry bit so it isn't rotated into PORT
Message[305]: Using default destination of 1 (file).
0075   0D88               M          rlf      PORTD       ;Rotate PORT to the left (bitshift)
Warning[207]: Found label after column 1. (d3)
Error[115]  : Duplicate label ("d3" or redefining symbol that cannot be redefined)
0076                      M          d3
Warning[207]: Found label after column 1. (i)
Error[115]  : Duplicate label ("i" or redefining symbol that cannot be redefined)
0076                      M          i
Warning[207]: Found label after column 1. (mask)
Error[115]  : Duplicate label ("mask" or redefining symbol that cannot be redefined)
0076                      M          mask
Error[144]  : Unmatched ENDC
                          M       endc
                          M 
Warning[206]: Found call to macro in column 1. (ROTATE)
Error[136]  : Duplicate macro name (ROTATE)
                          M ROTATE   macro    PORTD
0076   1003               M          bcf      STATUS,C    ;Clear the Carry bit so it isn't rotated into PORT
0077   2???               M                  call     delay       ;Delay for a bit so we can actually see it
                      00098          ROTATE   PORTD
0078   1003               M          bcf      STATUS,C    ;Clear the Carry bit so it isn't rotated into PORT
Message[305]: Using default destination of 1 (file).
0079   0D88               M          rlf      PORTD       ;Rotate PORT to the left (bitshift)
Warning[207]: Found label after column 1. (d3)
Error[115]  : Duplicate label ("d3" or redefining symbol that cannot be redefined)
007A                      M          d3
Warning[207]: Found label after column 1. (i)
Error[115]  : Duplicate label ("i" or redefining symbol that cannot be redefined)
007A                      M          i
Warning[207]: Found label after column 1. (mask)
MPASM 5.65                          MAIN.ASM   1-19-2016  14:51:55         PAGE 11


LOC  OBJECT CODE     LINE SOURCE TEXT
  VALUE

Error[115]  : Duplicate label ("mask" or redefining symbol that cannot be redefined)
007A                      M          mask
Error[144]  : Unmatched ENDC
                          M       endc
                          M 
Warning[206]: Found call to macro in column 1. (ROTATE)
Error[136]  : Duplicate macro name (ROTATE)
                          M ROTATE   macro    PORTD
007A   1003               M          bcf      STATUS,C    ;Clear the Carry bit so it isn't rotated into PORT
007B   2???               M                  call     delay       ;Delay for a bit so we can actually see it
                      00099          ROTATE   PORTD
007C   1003               M          bcf      STATUS,C    ;Clear the Carry bit so it isn't rotated into PORT
Message[305]: Using default destination of 1 (file).
007D   0D88               M          rlf      PORTD       ;Rotate PORT to the left (bitshift)
Warning[207]: Found label after column 1. (d3)
Error[115]  : Duplicate label ("d3" or redefining symbol that cannot be redefined)
007E                      M          d3
Warning[207]: Found label after column 1. (i)
Error[115]  : Duplicate label ("i" or redefining symbol that cannot be redefined)
007E                      M          i
Warning[207]: Found label after column 1. (mask)
Error[115]  : Duplicate label ("mask" or redefining symbol that cannot be redefined)
007E                      M          mask
Error[144]  : Unmatched ENDC
                          M       endc
                          M 
Warning[206]: Found call to macro in column 1. (ROTATE)
Error[136]  : Duplicate macro name (ROTATE)
                          M ROTATE   macro    PORTD
007E   1003               M          bcf      STATUS,C    ;Clear the Carry bit so it isn't rotated into PORT
007F   2???               M                  call     delay       ;Delay for a bit so we can actually see it
                      00100          ROTATE   PORTD
0080   1003               M          bcf      STATUS,C    ;Clear the Carry bit so it isn't rotated into PORT
Message[305]: Using default destination of 1 (file).
0081   0D88               M          rlf      PORTD       ;Rotate PORT to the left (bitshift)
Warning[207]: Found label after column 1. (d3)
Error[115]  : Duplicate label ("d3" or redefining symbol that cannot be redefined)
0082                      M          d3
Warning[207]: Found label after column 1. (i)
Error[115]  : Duplicate label ("i" or redefining symbol that cannot be redefined)
0082                      M          i
Warning[207]: Found label after column 1. (mask)
Error[115]  : Duplicate label ("mask" or redefining symbol that cannot be redefined)
0082                      M          mask
Error[144]  : Unmatched ENDC
                          M       endc
                          M 
Warning[206]: Found call to macro in column 1. (ROTATE)
Error[136]  : Duplicate macro name (ROTATE)
                          M ROTATE   macro    PORTD
0082   1003               M          bcf      STATUS,C    ;Clear the Carry bit so it isn't rotated into PORT
0083   2???               M                  call     delay       ;Delay for a bit so we can actually see it
                      00101          ROTATE   PORTD
MPASM 5.65                          MAIN.ASM   1-19-2016  14:51:55         PAGE 12


LOC  OBJECT CODE     LINE SOURCE TEXT
  VALUE

0084   1003               M          bcf      STATUS,C    ;Clear the Carry bit so it isn't rotated into PORT
Message[305]: Using default destination of 1 (file).
0085   0D88               M          rlf      PORTD       ;Rotate PORT to the left (bitshift)
Warning[207]: Found label after column 1. (d3)
Error[115]  : Duplicate label ("d3" or redefining symbol that cannot be redefined)
0086                      M          d3
Warning[207]: Found label after column 1. (i)
Error[115]  : Duplicate label ("i" or redefining symbol that cannot be redefined)
0086                      M          i
Warning[207]: Found label after column 1. (mask)
Error[115]  : Duplicate label ("mask" or redefining symbol that cannot be redefined)
0086                      M          mask
Error[144]  : Unmatched ENDC
                          M       endc
                          M 
Warning[206]: Found call to macro in column 1. (ROTATE)
Error[136]  : Duplicate macro name (ROTATE)
                          M ROTATE   macro    PORTD
0086   1003               M          bcf      STATUS,C    ;Clear the Carry bit so it isn't rotated into PORT
0087   2???               M                  call     delay       ;Delay for a bit so we can actually see it
                      00102          ROTATE   PORTD
0088   1003               M          bcf      STATUS,C    ;Clear the Carry bit so it isn't rotated into PORT
Message[305]: Using default destination of 1 (file).
0089   0D88               M          rlf      PORTD       ;Rotate PORT to the left (bitshift)
Warning[207]: Found label after column 1. (d3)
Error[115]  : Duplicate label ("d3" or redefining symbol that cannot be redefined)
008A                      M          d3
Warning[207]: Found label after column 1. (i)
Error[115]  : Duplicate label ("i" or redefining symbol that cannot be redefined)
008A                      M          i
Warning[207]: Found label after column 1. (mask)
Error[115]  : Duplicate label ("mask" or redefining symbol that cannot be redefined)
008A                      M          mask
Error[144]  : Unmatched ENDC
                          M       endc
                          M 
Warning[206]: Found call to macro in column 1. (ROTATE)
Error[136]  : Duplicate macro name (ROTATE)
                          M ROTATE   macro    PORTD
008A   1003               M          bcf      STATUS,C    ;Clear the Carry bit so it isn't rotated into PORT
008B   2???               M                  call     delay       ;Delay for a bit so we can actually see it
                      00103          ROTATE   PORTD
008C   1003               M          bcf      STATUS,C    ;Clear the Carry bit so it isn't rotated into PORT
Message[305]: Using default destination of 1 (file).
008D   0D88               M          rlf      PORTD       ;Rotate PORT to the left (bitshift)
Warning[207]: Found label after column 1. (d3)
Error[115]  : Duplicate label ("d3" or redefining symbol that cannot be redefined)
008E                      M          d3
Warning[207]: Found label after column 1. (i)
Error[115]  : Duplicate label ("i" or redefining symbol that cannot be redefined)
008E                      M          i
Warning[207]: Found label after column 1. (mask)
Error[115]  : Duplicate label ("mask" or redefining symbol that cannot be redefined)
MPASM 5.65                          MAIN.ASM   1-19-2016  14:51:55         PAGE 13


LOC  OBJECT CODE     LINE SOURCE TEXT
  VALUE

008E                      M          mask
Error[144]  : Unmatched ENDC
                          M       endc
                          M 
Warning[206]: Found call to macro in column 1. (ROTATE)
Error[136]  : Duplicate macro name (ROTATE)
                          M ROTATE   macro    PORTD
008E   1003               M          bcf      STATUS,C    ;Clear the Carry bit so it isn't rotated into PORT
008F   2???               M                  call     delay       ;Delay for a bit so we can actually see it
0090   0188           00104          clrf     PORTD
                      00105          
0091   2???           00106          goto     begin
                      00107 
                      00108          ;DELAY FUNCTION
0092                  00109 delay    ;Executes loop 65536 times, with approx. 3 instructions per loop (decf=1, goto=2).
Warning[219]: Invalid RAM location specified.
Message[302]: Register in operand not in bank 0.  Ensure that bank bits are correct.
0092   01F0           00110                  clrf     d1
Warning[219]: Invalid RAM location specified.
Message[302]: Register in operand not in bank 0.  Ensure that bank bits are correct.
0093   01F1           00111                  clrf     d2
                      00112          ;movlw   0x7F
                      00113                  ;movwf   d3
Message[305]: Using default destination of 1 (file).
Warning[219]: Invalid RAM location specified.
Message[302]: Register in operand not in bank 0.  Ensure that bank bits are correct.
0094   0BF0           00114                  decfsz   d1    ;decfsz makes it decrement and skips goto $-1 if equals 0
0095   2???           00115          goto     $-1   ;Count from 255 to 0 (we rely on overflow to reset the counter)
Message[305]: Using default destination of 1 (file).
Warning[219]: Invalid RAM location specified.
Message[302]: Register in operand not in bank 0.  Ensure that bank bits are correct.
0096   0BF1           00116          decfsz   d2
0097   2???           00117          goto     $-3   ;Nested loop; outer loop also from 255 to 0
                      00118          ;decfsz   d3
                      00119          ;goto     $-5   ;Nested loop; outer loop also from 255 to 0
0098   0008           00120          return
                      00121          
3F72                  00122       end
MPASM 5.65                          MAIN.ASM   1-19-2016  14:51:55         PAGE 14


SYMBOL TABLE
  LABEL                             VALUE 

ACKDT                             00000005
ACKEN                             00000004
ACKSTAT                           00000006
ADCON0                            0000001F
ADCON1                            0000009F
ADCS0                             00000006
ADCS1                             00000007
ADDEN                             00000003
ADFM                              00000007
ADIE                              00000006
ADIF                              00000006
ADON                              00000000
ADRESH                            0000001E
ADRESL                            0000009E
BCLIE                             00000003
BCLIF                             00000003
BF                                00000000
BRGH                              00000002
C                                 00000000
CCP1CON                           00000017
CCP1IE                            00000002
CCP1IF                            00000002
CCP1M0                            00000000
CCP1M1                            00000001
CCP1M2                            00000002
CCP1M3                            00000003
CCP1X                             00000005
CCP1Y                             00000004
CCP2CON                           0000001D
CCP2IE                            00000000
CCP2IF                            00000000
CCP2M0                            00000000
CCP2M1                            00000001
CCP2M2                            00000002
CCP2M3                            00000003
CCP2X                             00000005
CCP2Y                             00000004
CCPR1                             00000015
CCPR1H                            00000016
CCPR1L                            00000015
CCPR2                             0000001B
CCPR2H                            0000001C
CCPR2L                            0000001B
CHS0                              00000003
CHS1                              00000004
CHS2                              00000005
CKE                               00000006
CKP                               00000004
CREN                              00000004
CSRC                              00000007
D                                 00000005
DATA_ADDRESS                      00000005
DC                                00000001
MPASM 5.65                          MAIN.ASM   1-19-2016  14:51:55         PAGE 15


SYMBOL TABLE
  LABEL                             VALUE 

D_A                               00000005
D_NOT_A                           00000005
EEADR                             0000010D
EEADRH                            0000010F
EECON1                            0000018C
EECON2                            0000018D
EEDATA                            0000010C
EEDATH                            0000010E
EEIE                              00000004
EEIF                              00000004
EEPGD                             00000007
F                                 00000001
FERR                              00000002
FSR                               00000004
GCEN                              00000007
GIE                               00000007
GO                                00000002
GO_DONE                           00000002
GO_NOT_DONE                       00000002
I2C_DATA                          00000005
I2C_READ                          00000002
I2C_START                         00000003
I2C_STOP                          00000004
IBF                               00000007
IBOV                              00000005
INDF                              00000000
INTCON                            0000000B
INTE                              00000004
INTEDG                            00000006
INTF                              00000001
IRP                               00000007
NOT_A                             00000005
NOT_ADDRESS                       00000005
NOT_BO                            00000000
NOT_BOR                           00000000
NOT_DONE                          00000002
NOT_PD                            00000003
NOT_POR                           00000001
NOT_RBPU                          00000007
NOT_RC8                           00000006
NOT_T1SYNC                        00000002
NOT_TO                            00000004
NOT_TX8                           00000006
NOT_W                             00000002
NOT_WRITE                         00000002
OBF                               00000006
OERR                              00000001
OPTION_REG                        00000081
P                                 00000004
PCFG0                             00000000
PCFG1                             00000001
PCFG2                             00000002
PCFG3                             00000003
MPASM 5.65                          MAIN.ASM   1-19-2016  14:51:55         PAGE 16


SYMBOL TABLE
  LABEL                             VALUE 

PCL                               00000002
PCLATH                            0000000A
PCON                              0000008E
PEIE                              00000006
PEN                               00000002
PIE1                              0000008C
PIE2                              0000008D
PIR1                              0000000C
PIR2                              0000000D
PORTA                             00000005
PORTB                             00000006
PORTC                             00000007
PORTD                             00000008
PORTE                             00000009
PR2                               00000092
PS0                               00000000
PS1                               00000001
PS2                               00000002
PSA                               00000003
PSPIE                             00000007
PSPIF                             00000007
PSPMODE                           00000004
R                                 00000002
RA0                               00000000
RA1                               00000001
RA2                               00000002
RA3                               00000003
RA4                               00000004
RA5                               00000005
RB0                               00000000
RB1                               00000001
RB2                               00000002
RB3                               00000003
RB4                               00000004
RB5                               00000005
RB6                               00000006
RB7                               00000007
RBIE                              00000003
RBIF                              00000000
RC0                               00000000
RC1                               00000001
RC2                               00000002
RC3                               00000003
RC4                               00000004
RC5                               00000005
RC6                               00000006
RC7                               00000007
RC8_9                             00000006
RC9                               00000006
RCD8                              00000000
RCEN                              00000003
RCIE                              00000005
RCIF                              00000005
MPASM 5.65                          MAIN.ASM   1-19-2016  14:51:55         PAGE 17


SYMBOL TABLE
  LABEL                             VALUE 

RCREG                             0000001A
RCSTA                             00000018
RD                                00000000
RD0                               00000000
RD1                               00000001
RD2                               00000002
RD3                               00000003
RD4                               00000004
RD5                               00000005
RD6                               00000006
RD7                               00000007
RE0                               00000000
RE1                               00000001
RE2                               00000002
READ_WRITE                        00000002
ROTATE                            
RP0                               00000005
RP1                               00000006
RSEN                              00000001
RX9                               00000006
RX9D                              00000000
R_NOT_W                           00000002
R_W                               00000002
S                                 00000003
SEN                               00000000
SMP                               00000007
SPBRG                             00000099
SPEN                              00000007
SREN                              00000005
SSPADD                            00000093
SSPBUF                            00000013
SSPCON                            00000014
SSPCON2                           00000091
SSPEN                             00000005
SSPIE                             00000003
SSPIF                             00000003
SSPM0                             00000000
SSPM1                             00000001
SSPM2                             00000002
SSPM3                             00000003
SSPOV                             00000006
SSPSTAT                           00000094
STATUS                            00000003
SYNC                              00000004
T0CS                              00000005
T0IE                              00000005
T0IF                              00000002
T0SE                              00000004
T1CKPS0                           00000004
T1CKPS1                           00000005
T1CON                             00000010
T1INSYNC                          00000002
T1OSCEN                           00000003
MPASM 5.65                          MAIN.ASM   1-19-2016  14:51:55         PAGE 18


SYMBOL TABLE
  LABEL                             VALUE 

T1SYNC                            00000002
T2CKPS0                           00000000
T2CKPS1                           00000001
T2CON                             00000012
TMR0                              00000001
TMR0IE                            00000005
TMR0IF                            00000002
TMR1                              0000000E
TMR1CS                            00000001
TMR1H                             0000000F
TMR1IE                            00000000
TMR1IF                            00000000
TMR1L                             0000000E
TMR1ON                            00000000
TMR2                              00000011
TMR2IE                            00000001
TMR2IF                            00000001
TMR2ON                            00000002
TOUTPS0                           00000003
TOUTPS1                           00000004
TOUTPS2                           00000005
TOUTPS3                           00000006
TRISA                             00000085
TRISA0                            00000000
TRISA1                            00000001
TRISA2                            00000002
TRISA3                            00000003
TRISA4                            00000004
TRISA5                            00000005
TRISB                             00000086
TRISB0                            00000000
TRISB1                            00000001
TRISB2                            00000002
TRISB3                            00000003
TRISB4                            00000004
TRISB5                            00000005
TRISB6                            00000006
TRISB7                            00000007
TRISC                             00000087
TRISC0                            00000000
TRISC1                            00000001
TRISC2                            00000002
TRISC3                            00000003
TRISC4                            00000004
TRISC5                            00000005
TRISC6                            00000006
TRISC7                            00000007
TRISD                             00000088
TRISD0                            00000000
TRISD1                            00000001
TRISD2                            00000002
TRISD3                            00000003
TRISD4                            00000004
MPASM 5.65                          MAIN.ASM   1-19-2016  14:51:55         PAGE 19


SYMBOL TABLE
  LABEL                             VALUE 

TRISD5                            00000005
TRISD6                            00000006
TRISD7                            00000007
TRISE                             00000089
TRISE0                            00000000
TRISE1                            00000001
TRISE2                            00000002
TRMT                              00000001
TX8_9                             00000006
TX9                               00000006
TX9D                              00000000
TXD8                              00000000
TXEN                              00000005
TXIE                              00000004
TXIF                              00000004
TXREG                             00000019
TXSTA                             00000098
UA                                00000001
W                                 00000000
WCOL                              00000007
WR                                00000001
WREN                              00000002
WRERR                             00000003
Z                                 00000002
_.org_0_0095                      00000095
_.org_0_0097                      00000097
_BODEN_OFF                        00003FBF
_BODEN_ON                         00003FFF
_BOREN_OFF                        00003FBF
_BOREN_ON                         00003FFF
_CONFIG                           00002007
_CPD_OFF                          00003FFF
_CPD_ON                           00003EFF
_CP_ALL                           00000FCF
_CP_HALF                          00001FDF
_CP_OFF                           00003FFF
_CP_UPPER_256                     00002FEF
_DEBUG_OFF                        00003FFF
_DEBUG_ON                         000037FF
_DEVID1                           00002006
_FOSC_EXTRC                       00003FFF
_FOSC_HS                          00003FFE
_FOSC_LP                          00003FFC
_FOSC_XT                          00003FFD
_HS_OSC                           00003FFE
_IDLOC0                           00002000
_IDLOC1                           00002001
_IDLOC2                           00002002
_IDLOC3                           00002003
_LP_OSC                           00003FFC
_LVP_OFF                          00003F7F
_LVP_ON                           00003FFF
_PWRTE_OFF                        00003FFF
MPASM 5.65                          MAIN.ASM   1-19-2016  14:51:55         PAGE 20


SYMBOL TABLE
  LABEL                             VALUE 

_PWRTE_ON                         00003FF7
_RC_OSC                           00003FFF
_WDTE_OFF                         00003FFB
_WDTE_ON                          00003FFF
_WDT_OFF                          00003FFB
_WDT_ON                           00003FFF
_WRT_ENABLE_OFF                   00003DFF
_WRT_ENABLE_ON                    00003FFF
_WRT_OFF                          00003DFF
_WRT_ON                           00003FFF
_XT_OSC                           00003FFD
__16F877                          00000001
begin                             00000012
d1                                00000FF0
d2                                00000FF1
d3                                00000FF2
delay                             00000092
i                                 00000FF3
mask                              00000FF4

Errors   :   130
Warnings :   110 reported,     0 suppressed
Messages :    40 reported,     0 suppressed

