MPASM 5.65                          MAIN.ASM   1-26-2016  17:12:48         PAGE  1


LOC  OBJECT CODE     LINE SOURCE TEXT
  VALUE

                      00001       list p=16f877                 ; list directive to define processor
                      00002       #include <p16f877.inc>        ; processor specific variable definitions
                      00001         LIST
                      00002 
                      00003 ;==========================================================================
                      00004 ; Build date : Dec 08 2015
                      00005 ;  MPASM PIC16F877 processor include
                      00006 ; 
                      00007 ;  (c) Copyright 1999-2015 Microchip Technology, All rights reserved
                      00008 ;==========================================================================
                      00009 
                      00541         LIST
2007   3F72           00003       __CONFIG _CP_OFF & _WDT_OFF & _BODEN_ON & _PWRTE_ON & _HS_OSC & _WRT_ENABLE_ON & _CPD_OFF & _LVP_O
                            FF
                      00004 
                      00005 
                      00006         cblock  0x70
  00000070            00007                 COUNTH
  00000071            00008                 COUNTM  
  00000072            00009                 COUNTL  
  00000073            00010                 Table_Counter
  00000074            00011                 lcd_tmp 
  00000075            00012                 lcd_d1
  00000076            00013                 lcd_d2
  00000077            00014                 com     
  00000078            00015                 dat
  00000079            00016                 temp
                      00017         endc    
                      00018 
                      00019         ;Declare constants for pin assignments (LCD on PORTD)
                      00020                 #define RS      PORTD,2
                      00021                 #define E       PORTD,3
                      00022 
                      00023          ORG       0x0000     ;RESET vector must always be at 0x00
0000   2???           00024          goto      init       ;Just jump to the main code section.
                      00025          
                      00026 
                      00027 ;***************************************
                      00028 ; Delay: ~160us macro
                      00029 ;***************************************
                      00030 LCD_DELAY macro
                      00031         movlw   0xFF
                      00032         movwf   lcd_d1
                      00033         decfsz  lcd_d1,f
                      00034         goto    $-1
                      00035         endm
                      00036 
                      00037 
                      00038 ;***************************************
                      00039 ; Display macro
                      00040 ;***************************************
                      00041 Display macro   Message
                      00042                 local   loop_
MPASM 5.65                          MAIN.ASM   1-26-2016  17:12:48         PAGE  2


LOC  OBJECT CODE     LINE SOURCE TEXT
  VALUE

                      00043                 local   end_
                      00044                 clrf    Table_Counter
                      00045                 clrw            
                      00046 loop_   movf    Table_Counter,W
                      00047                 call    Message
                      00048                 xorlw   B'00000000' ;check WORK reg to see if 0 is returned
                      00049                 btfsc   STATUS,Z
                      00050                 goto    end_
                      00051                 call    WR_DATA
                      00052                 incf    Table_Counter,F
                      00053                 goto    loop_
                      00054 end_
                      00055                 endm
                      00056 
                      00057 ;***************************************
                      00058 ; Initialize LCD
                      00059 ;***************************************
0001                  00060 init
0001   018B           00061          clrf      INTCON         ; No interrupts
                      00062 
0002   1683           00063          bsf       STATUS,RP0     ; select bank 1
Message[302]: Register in operand not in bank 0.  Ensure that bank bits are correct.
0003   0185           00064          clrf      TRISA          ; All port A is output
0004   30F2           00065          movlw     b'11110010'    ; Set required keypad inputs
Message[302]: Register in operand not in bank 0.  Ensure that bank bits are correct.
0005   0086           00066          movwf     TRISB
Message[302]: Register in operand not in bank 0.  Ensure that bank bits are correct.
0006   0187           00067          clrf      TRISC          ; All port C is output
Message[302]: Register in operand not in bank 0.  Ensure that bank bits are correct.
0007   0188           00068          clrf      TRISD          ; All port D is output
                      00069 
0008   1283           00070          bcf       STATUS,RP0     ; select bank 0
0009   0185           00071          clrf      PORTA
000A   0186           00072          clrf      PORTB
000B   0187           00073          clrf      PORTC
000C   0188           00074          clrf      PORTD
                      00075           
000D   2???           00076          call      InitLCD        ;Initialize the LCD (code in lcd.asm; imported by lcd.inc)
                      00077 
                      00078 ;***************************************
                      00079 ; Main code
                      00080 ;***************************************
                      00081 Main    Display         Welcome_Msg
  0000                    M                 local   loop_
  0000                    M                 local   end_
000E   01F3               M                 clrf    Table_Counter
000F   0103               M                 clrw            
0010   0873               M loop_   movf    Table_Counter,W
0011   2???               M                 call    Welcome_Msg
0012   3A00               M                 xorlw   B'00000000' ;check WORK reg to see if 0 is returned
0013   1903               M                 btfsc   STATUS,Z
0014   2???               M                 goto    end_
0015   2???               M                 call    WR_DATA
MPASM 5.65                          MAIN.ASM   1-26-2016  17:12:48         PAGE  3


LOC  OBJECT CODE     LINE SOURCE TEXT
  VALUE

0016   0AF3               M                 incf    Table_Counter,F
0017   2???               M                 goto    loop_
0018                      M end_
                      00082          
                      00083 
0018   1C86           00084 test     btfss          PORTB,1     ;Wait until data is available from the keypad
0019   2???           00085          goto           $-1 
001A   0E06           00086          swapf          PORTB,W     ;Read PortB<7:4> into W<3:0>
001B   390F           00087          andlw          0x0F
                      00088          
001C   0879           00089          movfw          temp
Message[305]: Using default destination of 1 (file).
001D   03F9           00090          decf           temp
001E   1903           00091          btfsc          STATUS,Z
                      00092                     Display     Welcome_Msg
  0000                    M                 local   loop_
  0000                    M                 local   end_
001F   01F3               M                 clrf    Table_Counter
0020   0103               M                 clrw            
0021   0873               M loop_   movf    Table_Counter,W
0022   2???               M                 call    Welcome_Msg
0023   3A00               M                 xorlw   B'00000000' ;check WORK reg to see if 0 is returned
0024   1903               M                 btfsc   STATUS,Z
0025   2???               M                 goto    end_
0026   2???               M                 call    WR_DATA
0027   0AF3               M                 incf    Table_Counter,F
0028   2???               M                 goto    loop_
0029                      M end_
Message[305]: Using default destination of 1 (file).
0029   03F9           00093          decf           temp
002A   1903           00094          btfsc          STATUS,Z
                      00095                     Display     Welcome_Msgg
  0000                    M                 local   loop_
  0000                    M                 local   end_
002B   01F3               M                 clrf    Table_Counter
002C   0103               M                 clrw            
002D   0873               M loop_   movf    Table_Counter,W
002E   2???               M                 call    Welcome_Msgg
002F   3A00               M                 xorlw   B'00000000' ;check WORK reg to see if 0 is returned
0030   1903               M                 btfsc   STATUS,Z
0031   2???               M                 goto    end_
0032   2???               M                 call    WR_DATA
0033   0AF3               M                 incf    Table_Counter,F
0034   2???               M                 goto    loop_
0035                      M end_
                      00096                     
0035   1886           00097          btfsc          PORTB,1     ;Wait until key is released
0036   2???           00098          goto           $-1
0037   2???           00099          goto     test
                      00100 
0038                  00101 SwtichLine
0038   2???           00102                 call            Switch_Lines
                      00103                 Display         Welcome_Msg
MPASM 5.65                          MAIN.ASM   1-26-2016  17:12:48         PAGE  4


LOC  OBJECT CODE     LINE SOURCE TEXT
  VALUE

  0000                    M                 local   loop_
  0000                    M                 local   end_
0039   01F3               M                 clrf    Table_Counter
003A   0103               M                 clrw            
003B   0873               M loop_   movf    Table_Counter,W
003C   2???               M                 call    Welcome_Msg
003D   3A00               M                 xorlw   B'00000000' ;check WORK reg to see if 0 is returned
003E   1903               M                 btfsc   STATUS,Z
003F   2???               M                 goto    end_
0040   2???               M                 call    WR_DATA
0041   0AF3               M                 incf    Table_Counter,F
0042   2???               M                 goto    loop_
0043                      M end_
                      00104 
                      00105 ;ChangeToQuestionMark
                      00106 ;               movlw           b'11001011'
                      00107 ;               call            WR_INS
                      00108 ;               movlw           "?"
                      00109 ;               call            WR_DATA
                      00110 
                      00111 ;ShiftDisplayLeft
                      00112 ;               call            Clear_Display
                      00113 ;
                      00114 ;               Display         Alphabet
                      00115 ;
                      00116 ;Left   movlw           b'00011000'             ;Move to the left
                      00117 ;               call            WR_INS
                      00118 ;               call            HalfS
                      00119 ;               goto            Left                    ;repeat operation
                      00120 ;               
0043   2???           00121                 goto    $
                      00122 
                      00123 
                      00124 ;***************************************
                      00125 ; Look up table
                      00126 ;***************************************
                      00127 
0044                  00128 Welcome_Msg     
0044   0782           00129                 addwf   PCL,F
0045   344A 3461 346D 00130                 dt              "James shitup!", 0
       3465 3473 3420 
       3473 3468 3469 
       3474 3475 3470 
       3421 3400 
                      00131 
0053                  00132 Welcome_Msgg    
0053   0782           00133                 addwf   PCL,F
0054   3447 3461 3462 00134                 dt              "Gabe shitup!", 0
       3465 3420 3473 
       3468 3469 3474 
       3475 3470 3421 
       3400 
                      00135                 
MPASM 5.65                          MAIN.ASM   1-26-2016  17:12:48         PAGE  5


LOC  OBJECT CODE     LINE SOURCE TEXT
  VALUE

0061                  00136 Alphabet
0061   0782           00137                 addwf   PCL,F
0062   3441 3442 3443 00138                 dt              "ABCDEFGHIJKLMNOPQRSTUVWXYZ",0
       3444 3445 3446 
       3447 3448 3449 
       344A 344B 344C 
       344D 344E 344F 
       3450 3451 3452 
       3453 3454 3455 
       3456 3457 3458 
       3459 345A 3400 
                      00139 
                      00140 ;***************************************
                      00141 ; LCD control
                      00142 ;***************************************
007D                  00143 Switch_Lines
007D   30C0           00144                 movlw   B'11000000'
007E   2???           00145                 call    WR_INS
007F   0008           00146                 return
                      00147 
0080                  00148 Clear_Display
0080   3001           00149                 movlw   B'00000001'
0081   2???           00150                 call    WR_INS
0082   0008           00151                 return
                      00152 
                      00153 ;***************************************
                      00154 ; Delay 0.5s
                      00155 ;***************************************
0083                  00156 HalfS   
  0000                00157         local   HalfS_0
0083   3088           00158       movlw 0x88
0084   00F0           00159       movwf COUNTH
0085   30BD           00160       movlw 0xBD
0086   00F1           00161       movwf COUNTM
0087   3003           00162       movlw 0x03
0088   00F2           00163       movwf COUNTL
                      00164 
0089                  00165 HalfS_0
0089   0BF0           00166       decfsz COUNTH, f
008A   2???           00167       goto   $+2
008B   0BF1           00168       decfsz COUNTM, f
008C   2???           00169       goto   $+2
008D   0BF2           00170       decfsz COUNTL, f
008E   2???           00171       goto   HalfS_0
                      00172 
008F   2???           00173       goto $+1
0090   0000           00174       nop
0091   0000           00175       nop
0092   0008           00176                 return
                      00177 
                      00178 
                      00179 ;******* LCD-related subroutines *******
                      00180 
MPASM 5.65                          MAIN.ASM   1-26-2016  17:12:48         PAGE  6


LOC  OBJECT CODE     LINE SOURCE TEXT
  VALUE

                      00181 
                      00182     ;***********************************
0093                  00183 InitLCD
0093   1283           00184         bcf STATUS,RP0
0094   1588           00185         bsf E     ;E default high
                      00186         
                      00187         ;Wait for LCD POR to finish (~15ms)
0095   2???           00188         call lcdLongDelay
0096   2???           00189         call lcdLongDelay
0097   2???           00190         call lcdLongDelay
                      00191 
                      00192         ;Ensure 8-bit mode first (no way to immediately guarantee 4-bit mode)
                      00193         ; -> Send b'0011' 3 times
0098   3033           00194         movlw   b'00110011'
0099   2???           00195         call    WR_INS
009A   2???           00196         call lcdLongDelay
009B   2???           00197         call lcdLongDelay
009C   3032           00198         movlw   b'00110010'
009D   2???           00199         call    WR_INS
009E   2???           00200         call lcdLongDelay
009F   2???           00201         call lcdLongDelay
                      00202 
                      00203         ; 4 bits, 2 lines, 5x7 dots
00A0   3028           00204         movlw   b'00101000'
00A1   2???           00205         call    WR_INS
00A2   2???           00206         call lcdLongDelay
00A3   2???           00207         call lcdLongDelay
                      00208 
                      00209         ; display on/off
00A4   300C           00210         movlw   b'00001100'
00A5   2???           00211         call    WR_INS
00A6   2???           00212         call lcdLongDelay
00A7   2???           00213         call lcdLongDelay
                      00214         
                      00215         ; Entry mode
00A8   3006           00216         movlw   b'00000110'
00A9   2???           00217         call    WR_INS
00AA   2???           00218         call lcdLongDelay
00AB   2???           00219         call lcdLongDelay
                      00220 
                      00221         ; Clear ram
00AC   3001           00222         movlw   b'00000001'
00AD   2???           00223         call    WR_INS
00AE   2???           00224         call lcdLongDelay
00AF   2???           00225         call lcdLongDelay
00B0   0008           00226         return
                      00227     ;************************************
                      00228 
                      00229     ;ClrLCD: Clear the LCD display
00B1                  00230 ClrLCD
00B1   3001           00231         movlw   B'00000001'
00B2   2???           00232         call    WR_INS
00B3   0008           00233     return
MPASM 5.65                          MAIN.ASM   1-26-2016  17:12:48         PAGE  7


LOC  OBJECT CODE     LINE SOURCE TEXT
  VALUE

                      00234 
                      00235     ;****************************************
                      00236     ; Write command to LCD - Input : W , output : -
                      00237     ;****************************************
00B4                  00238 WR_INS
00B4   1108           00239         bcf             RS                              ;clear RS
00B5   00F7           00240         movwf   com                             ;W --> com
00B6   39F0           00241         andlw   0xF0                    ;mask 4 bits MSB w = X0
00B7   0088           00242         movwf   PORTD                   ;Send 4 bits MSB
00B8   1588           00243         bsf             E                               ;
00B9   2???           00244         call    lcdLongDelay    ;__    __
00BA   1188           00245         bcf             E                               ;  |__|
00BB   0E77           00246         swapf   com,w
00BC   39F0           00247         andlw   0xF0                    ;1111 0010
00BD   0088           00248         movwf   PORTD                   ;send 4 bits LSB
00BE   1588           00249         bsf             E                               ;
00BF   2???           00250         call    lcdLongDelay    ;__    __
00C0   1188           00251         bcf             E                               ;  |__|
00C1   2???           00252         call    lcdLongDelay
00C2   0008           00253         return
                      00254 
                      00255     ;****************************************
                      00256     ; Write data to LCD - Input : W , output : -
                      00257     ;****************************************
00C3                  00258 WR_DATA
00C3   1508           00259         bsf             RS                              
00C4   00F8           00260         movwf   dat
00C5   0878           00261         movf    dat,w
00C6   39F0           00262         andlw   0xF0            
00C7   3E04           00263         addlw   4
00C8   0088           00264         movwf   PORTD           
00C9   1588           00265         bsf             E                               ;
00CA   2???           00266         call    lcdLongDelay    ;__    __
00CB   1188           00267         bcf             E                               ;  |__|
00CC   0E78           00268         swapf   dat,w
00CD   39F0           00269         andlw   0xF0            
00CE   3E04           00270         addlw   4
00CF   0088           00271         movwf   PORTD           
00D0   1588           00272         bsf             E                               ;
00D1   2???           00273         call    lcdLongDelay    ;__    __
00D2   1188           00274         bcf             E                               ;  |__|
00D3   0008           00275         return
                      00276 
00D4                  00277 lcdLongDelay
00D4   3014           00278     movlw d'20'
00D5   00F6           00279     movwf lcd_d2
00D6                  00280 LLD_LOOP
                      00281     LCD_DELAY
00D6   30FF               M         movlw   0xFF
00D7   00F5               M         movwf   lcd_d1
00D8   0BF5               M         decfsz  lcd_d1,f
00D9   2???               M         goto    $-1
00DA   0BF6           00282     decfsz lcd_d2,f
MPASM 5.65                          MAIN.ASM   1-26-2016  17:12:48         PAGE  8


LOC  OBJECT CODE     LINE SOURCE TEXT
  VALUE

00DB   2???           00283     goto LLD_LOOP
00DC   0008           00284     return
                      00285     
                      00286     
3F72                  00287         END
MPASM 5.65                          MAIN.ASM   1-26-2016  17:12:48         PAGE  9


SYMBOL TABLE
  LABEL                             VALUE 

ACKDT                             00000005
ACKEN                             00000004
ACKSTAT                           00000006
ADCON0                            0000001F
ADCON1                            0000009F
ADCS0                             00000006
ADCS1                             00000007
ADDEN                             00000003
ADFM                              00000007
ADIE                              00000006
ADIF                              00000006
ADON                              00000000
ADRESH                            0000001E
ADRESL                            0000009E
Alphabet                          00000061
BCLIE                             00000003
BCLIF                             00000003
BF                                00000000
BRGH                              00000002
C                                 00000000
CCP1CON                           00000017
CCP1IE                            00000002
CCP1IF                            00000002
CCP1M0                            00000000
CCP1M1                            00000001
CCP1M2                            00000002
CCP1M3                            00000003
CCP1X                             00000005
CCP1Y                             00000004
CCP2CON                           0000001D
CCP2IE                            00000000
CCP2IF                            00000000
CCP2M0                            00000000
CCP2M1                            00000001
CCP2M2                            00000002
CCP2M3                            00000003
CCP2X                             00000005
CCP2Y                             00000004
CCPR1                             00000015
CCPR1H                            00000016
CCPR1L                            00000015
CCPR2                             0000001B
CCPR2H                            0000001C
CCPR2L                            0000001B
CHS0                              00000003
CHS1                              00000004
CHS2                              00000005
CKE                               00000006
CKP                               00000004
COUNTH                            00000070
COUNTL                            00000072
COUNTM                            00000071
CREN                              00000004
MPASM 5.65                          MAIN.ASM   1-26-2016  17:12:48         PAGE 10


SYMBOL TABLE
  LABEL                             VALUE 

CSRC                              00000007
Clear_Display                     00000080
ClrLCD                            000000B1
D                                 00000005
DATA_ADDRESS                      00000005
DC                                00000001
D_A                               00000005
D_NOT_A                           00000005
Display                           
E                                 PORTD,3
EEADR                             0000010D
EEADRH                            0000010F
EECON1                            0000018C
EECON2                            0000018D
EEDATA                            0000010C
EEDATH                            0000010E
EEIE                              00000004
EEIF                              00000004
EEPGD                             00000007
F                                 00000001
FERR                              00000002
FSR                               00000004
GCEN                              00000007
GIE                               00000007
GO                                00000002
GO_DONE                           00000002
GO_NOT_DONE                       00000002
HalfS                             00000083
I2C_DATA                          00000005
I2C_READ                          00000002
I2C_START                         00000003
I2C_STOP                          00000004
IBF                               00000007
IBOV                              00000005
INDF                              00000000
INTCON                            0000000B
INTE                              00000004
INTEDG                            00000006
INTF                              00000001
IRP                               00000007
InitLCD                           00000093
LCD_DELAY                         
LLD_LOOP                          000000D6
Main                              0000000E
NOT_A                             00000005
NOT_ADDRESS                       00000005
NOT_BO                            00000000
NOT_BOR                           00000000
NOT_DONE                          00000002
NOT_PD                            00000003
NOT_POR                           00000001
NOT_RBPU                          00000007
NOT_RC8                           00000006
MPASM 5.65                          MAIN.ASM   1-26-2016  17:12:48         PAGE 11


SYMBOL TABLE
  LABEL                             VALUE 

NOT_T1SYNC                        00000002
NOT_TO                            00000004
NOT_TX8                           00000006
NOT_W                             00000002
NOT_WRITE                         00000002
OBF                               00000006
OERR                              00000001
OPTION_REG                        00000081
P                                 00000004
PCFG0                             00000000
PCFG1                             00000001
PCFG2                             00000002
PCFG3                             00000003
PCL                               00000002
PCLATH                            0000000A
PCON                              0000008E
PEIE                              00000006
PEN                               00000002
PIE1                              0000008C
PIE2                              0000008D
PIR1                              0000000C
PIR2                              0000000D
PORTA                             00000005
PORTB                             00000006
PORTC                             00000007
PORTD                             00000008
PORTE                             00000009
PR2                               00000092
PS0                               00000000
PS1                               00000001
PS2                               00000002
PSA                               00000003
PSPIE                             00000007
PSPIF                             00000007
PSPMODE                           00000004
R                                 00000002
RA0                               00000000
RA1                               00000001
RA2                               00000002
RA3                               00000003
RA4                               00000004
RA5                               00000005
RB0                               00000000
RB1                               00000001
RB2                               00000002
RB3                               00000003
RB4                               00000004
RB5                               00000005
RB6                               00000006
RB7                               00000007
RBIE                              00000003
RBIF                              00000000
RC0                               00000000
MPASM 5.65                          MAIN.ASM   1-26-2016  17:12:48         PAGE 12


SYMBOL TABLE
  LABEL                             VALUE 

RC1                               00000001
RC2                               00000002
RC3                               00000003
RC4                               00000004
RC5                               00000005
RC6                               00000006
RC7                               00000007
RC8_9                             00000006
RC9                               00000006
RCD8                              00000000
RCEN                              00000003
RCIE                              00000005
RCIF                              00000005
RCREG                             0000001A
RCSTA                             00000018
RD                                00000000
RD0                               00000000
RD1                               00000001
RD2                               00000002
RD3                               00000003
RD4                               00000004
RD5                               00000005
RD6                               00000006
RD7                               00000007
RE0                               00000000
RE1                               00000001
RE2                               00000002
READ_WRITE                        00000002
RP0                               00000005
RP1                               00000006
RS                                PORTD,2
RSEN                              00000001
RX9                               00000006
RX9D                              00000000
R_NOT_W                           00000002
R_W                               00000002
S                                 00000003
SEN                               00000000
SMP                               00000007
SPBRG                             00000099
SPEN                              00000007
SREN                              00000005
SSPADD                            00000093
SSPBUF                            00000013
SSPCON                            00000014
SSPCON2                           00000091
SSPEN                             00000005
SSPIE                             00000003
SSPIF                             00000003
SSPM0                             00000000
SSPM1                             00000001
SSPM2                             00000002
SSPM3                             00000003
MPASM 5.65                          MAIN.ASM   1-26-2016  17:12:48         PAGE 13


SYMBOL TABLE
  LABEL                             VALUE 

SSPOV                             00000006
SSPSTAT                           00000094
STATUS                            00000003
SYNC                              00000004
Switch_Lines                      0000007D
SwtichLine                        00000038
T0CS                              00000005
T0IE                              00000005
T0IF                              00000002
T0SE                              00000004
T1CKPS0                           00000004
T1CKPS1                           00000005
T1CON                             00000010
T1INSYNC                          00000002
T1OSCEN                           00000003
T1SYNC                            00000002
T2CKPS0                           00000000
T2CKPS1                           00000001
T2CON                             00000012
TMR0                              00000001
TMR0IE                            00000005
TMR0IF                            00000002
TMR1                              0000000E
TMR1CS                            00000001
TMR1H                             0000000F
TMR1IE                            00000000
TMR1IF                            00000000
TMR1L                             0000000E
TMR1ON                            00000000
TMR2                              00000011
TMR2IE                            00000001
TMR2IF                            00000001
TMR2ON                            00000002
TOUTPS0                           00000003
TOUTPS1                           00000004
TOUTPS2                           00000005
TOUTPS3                           00000006
TRISA                             00000085
TRISA0                            00000000
TRISA1                            00000001
TRISA2                            00000002
TRISA3                            00000003
TRISA4                            00000004
TRISA5                            00000005
TRISB                             00000086
TRISB0                            00000000
TRISB1                            00000001
TRISB2                            00000002
TRISB3                            00000003
TRISB4                            00000004
TRISB5                            00000005
TRISB6                            00000006
TRISB7                            00000007
MPASM 5.65                          MAIN.ASM   1-26-2016  17:12:48         PAGE 14


SYMBOL TABLE
  LABEL                             VALUE 

TRISC                             00000087
TRISC0                            00000000
TRISC1                            00000001
TRISC2                            00000002
TRISC3                            00000003
TRISC4                            00000004
TRISC5                            00000005
TRISC6                            00000006
TRISC7                            00000007
TRISD                             00000088
TRISD0                            00000000
TRISD1                            00000001
TRISD2                            00000002
TRISD3                            00000003
TRISD4                            00000004
TRISD5                            00000005
TRISD6                            00000006
TRISD7                            00000007
TRISE                             00000089
TRISE0                            00000000
TRISE1                            00000001
TRISE2                            00000002
TRMT                              00000001
TX8_9                             00000006
TX9                               00000006
TX9D                              00000000
TXD8                              00000000
TXEN                              00000005
TXIE                              00000004
TXIF                              00000004
TXREG                             00000019
TXSTA                             00000098
Table_Counter                     00000073
UA                                00000001
W                                 00000000
WCOL                              00000007
WR                                00000001
WREN                              00000002
WRERR                             00000003
WR_DATA                           000000C3
WR_INS                            000000B4
Welcome_Msg                       00000044
Welcome_Msgg                      00000053
Z                                 00000002
_.org_0_0019                      00000019
_.org_0_0036                      00000036
_.org_0_0043                      00000043
_.org_0_008A                      0000008A
_.org_0_008C                      0000008C
_.org_0_008F                      0000008F
_.org_0_00D9                      000000D9
_BODEN_OFF                        00003FBF
_BODEN_ON                         00003FFF
MPASM 5.65                          MAIN.ASM   1-26-2016  17:12:48         PAGE 15


SYMBOL TABLE
  LABEL                             VALUE 

_BOREN_OFF                        00003FBF
_BOREN_ON                         00003FFF
_CONFIG                           00002007
_CPD_OFF                          00003FFF
_CPD_ON                           00003EFF
_CP_ALL                           00000FCF
_CP_HALF                          00001FDF
_CP_OFF                           00003FFF
_CP_UPPER_256                     00002FEF
_DEBUG_OFF                        00003FFF
_DEBUG_ON                         000037FF
_DEVID1                           00002006
_FOSC_EXTRC                       00003FFF
_FOSC_HS                          00003FFE
_FOSC_LP                          00003FFC
_FOSC_XT                          00003FFD
_HS_OSC                           00003FFE
_IDLOC0                           00002000
_IDLOC1                           00002001
_IDLOC2                           00002002
_IDLOC3                           00002003
_LP_OSC                           00003FFC
_LVP_OFF                          00003F7F
_LVP_ON                           00003FFF
_PWRTE_OFF                        00003FFF
_PWRTE_ON                         00003FF7
_RC_OSC                           00003FFF
_WDTE_OFF                         00003FFB
_WDTE_ON                          00003FFF
_WDT_OFF                          00003FFB
_WDT_ON                           00003FFF
_WRT_ENABLE_OFF                   00003DFF
_WRT_ENABLE_ON                    00003FFF
_WRT_OFF                          00003DFF
_WRT_ON                           00003FFF
_XT_OSC                           00003FFD
__16F877                          00000001
com                               00000077
dat                               00000078
init                              00000001
lcdLongDelay                      000000D4
lcd_d1                            00000075
lcd_d2                            00000076
lcd_tmp                           00000074
temp                              00000079
test                              00000018

Errors   :     0
Warnings :     0 reported,     0 suppressed
Messages :     6 reported,     0 suppressed

