MPASM 5.65                          MAIN.ASM   3-4-2016  17:44:49         PAGE  1


LOC  OBJECT CODE     LINE SOURCE TEXT
  VALUE

Warning[205]: Found directive in column 1. (list)
Warning[215]: Processor superseded by command line.  Verify processor symbol.
                      00001 list p=16f877A                 ; list directive to define processor
                      00002 #include <p16f877A.inc>        ; processor specific variable definitions
                      00001         LIST
                      00002 
                      00003 ;==========================================================================
                      00004 ; Build date : Dec 08 2015
                      00005 ;  MPASM PIC16F877A processor include
                      00006 ; 
                      00007 ;  (c) Copyright 1999-2015 Microchip Technology, All rights reserved
                      00008 ;==========================================================================
                      00009 
Message[301]: MESSAGE: (Processor-header file mismatch.  Verify selected processor.)
                      00567         LIST
2007   3F7A           00003     __CONFIG _CP_OFF & _WDT_OFF & _BODEN_ON & _PWRTE_OFF & _HS_OSC  & _CPD_OFF & _LVP_OFF
                      00004     
                      00005     cblock      0x70
  00000070            00006                 COUNTH
  00000071            00007                 COUNTM  
  00000072            00008                 COUNTL
  00000073            00009                 d1
  00000074            00010                 d2
  00000075            00011                 d1_2
  00000076            00012                 pr2temp
                      00013     endc
                      00014     
                      00015          ORG       0x00000000     ;RESET vector must always be at 0x00
0000   2???           00016          goto      Main       ;Just jump to the main code section.
                      00017 
                      00018          
                      00019 ;*******************************************************************************
                      00020 ; MACROS
                      00021 ;*******************************************************************************
                      00022         
                      00023 ;***************************************
                      00024 ; BANK0 macro   [TESTED]
                      00025 ;***************************************
                      00026 BANK0 Macro
                      00027     bcf STATUS,RP0 
                      00028     bcf STATUS,RP1
                      00029     endm
                      00030 ;***************************************
                      00031 ; BANK1 macro   [TESTED]
                      00032 ;***************************************
                      00033 BANK1 Macro
                      00034     bsf STATUS,RP0 
                      00035     bcf STATUS,RP1
                      00036     endm
                      00037         
                      00038 ;***************************************
                      00039 ; BANK2 macro   [TESTED]
                      00040 ;***************************************
MPASM 5.65                          MAIN.ASM   3-4-2016  17:44:49         PAGE  2


LOC  OBJECT CODE     LINE SOURCE TEXT
  VALUE

                      00041 BANK2 Macro
                      00042     bsf STATUS,RP0 
                      00043     bsf STATUS,RP1
                      00044     endm
                      00045     
                      00046 ;***************************************
                      00047 ; BANK3 macro   [TESTED]
                      00048 ;***************************************
                      00049 BANK3 Macro
                      00050     bcf STATUS,RP0 
                      00051     bsf STATUS,RP1
                      00052     endm
                      00053     
                      00054 ;***************************************
                      00055 ; MOVLF macro   [TESTED]
                      00056 ;***************************************
                      00057 MOVLF   Macro   literal, reg
                      00058     MOVLW  literal      ; move literal into working register
                      00059     MOVWF   reg         ; move working register into reg
                      00060     endm
                      00061 
                      00062 ;***************************************
                      00063 ; MOV   macro  reg2 <- reg1             [TESTED]        
                      00064 ;***************************************
                      00065 MOV     Macro   reg1, reg2
                      00066     MOVF  reg1,W        ; move reg1 into working register
                      00067     MOVWF   reg2        ; reg2 <- reg1
                      00068     endm
                      00069     
                      00070 ;***************************************
                      00071 ; ADDL macro, Adds literal and a reg    [TESTED]
                      00072 ;***************************************
                      00073 ADDL    Macro   Destination, reg, literal
                      00074     MOVLW  literal      ; move literal into working register
                      00075     ADDWF   reg,W       ; W <- literal + reg
                      00076     MOVWF   Destination ; Destination <- literal + reg
                      00077     endm
                      00078     
                      00079 ;***************************************
                      00080 ; ADD macro, Adds two registers together    [TESTED]
                      00081 ;***************************************
                      00082 ADD     Macro   Destination, reg1, reg2
                      00083     MOVF    reg1,W      ; move literal into working register
                      00084     ADDWF   reg2,W      ; W <- reg1 + reg2
                      00085     MOVWF   Destination ; Destination <- reg1 + reg2
                      00086     endm
                      00087     
                      00088 ;*******************************************************************************
                      00089 ; MAIN
                      00090 ;******************************************************************************* 
                      00091     
                      00092 ;***************************************** PWM ********************************
0001                  00093 Main
MPASM 5.65                          MAIN.ASM   3-4-2016  17:44:49         PAGE  3


LOC  OBJECT CODE     LINE SOURCE TEXT
  VALUE

                      00094   
                      00095 ;************ FIRST PWM ******************************              To stop it, clear CCP1RL and/or CCPR
                            2L 
                      00096     
0001   1683 1303      00097     BANKSEL TRISC
Message[302]: Register in operand not in bank 0.  Ensure that bank bits are correct.
0003   1107           00098     BCF     TRISC, 2            ;set CCP1 as output             ;CCP1 is RC2 and CCP2 is RC1
                      00099     
0004   0817           00100     MOVF     CCP1CON,W          ;set CCP1 as PWM
0005   39F0           00101     ANDLW    0xF0
0006   380C           00102     IORLW    0x0C
0007   0097           00103     MOVWF    CCP1CON
                      00104     
                      00105     ;11000011
0008   30C3           00106     MOVLW    b'11000011'        ;set highest PWM value
0009   1683 1303      00107     BANKSEL  PR2                
Message[302]: Register in operand not in bank 0.  Ensure that bank bits are correct.
000B   0092           00108     MOVWF    PR2                
000C   1283 1303      00109     BANKSEL  TMR2               
                      00110     
000E   1492           00111     BSF     T2CON,T2CKPS1       ;set prescaler to 16
                      00112     
000F   0195           00113     CLRF    CCPR1L              ;set PWM to zero
                      00114     
0010   1712           00115     BSF     T2CON, TOUTPS3      ; Set Postscale to 16
0011   1692           00116     BSF     T2CON, TOUTPS2
0012   1612           00117     BSF     T2CON, TOUTPS1
0013   1592           00118     BSF     T2CON, TOUTPS0
                      00119     
                      00120     ; SET PWM duty cycle
                      00121     ;01001110
0014   1697           00122     BSF     CCP1CON, 5                          ; change 1s here to 2 to get two pwm bro
0015   1617           00123     BSF     CCP1CON, 4
                      00124     MOVLF   B'01101', CCPR1L    
0016   300D               M     MOVLW  B'01101'     ; move literal into working register
0017   0095               M     MOVWF   CCPR1L      ; move working register into reg
0018   1597           00125     BSF     CCP1CON, 3
0019   1517           00126     BSF     CCP1CON, 2
                      00127     
001A   1512           00128     BSF     T2CON, TMR2ON       ;and start the timer running
                      00129     
                      00130 ;************ SECOND PWM ****************************** 
                      00131     
001B   1683 1303      00132     BANKSEL TRISC
Message[302]: Register in operand not in bank 0.  Ensure that bank bits are correct.
001D   1087           00133     BCF     TRISC, 1            ;set CCP2 as output             ;CCP1 is RC2 and CCP2 is RC1
                      00134     
001E   081D           00135     MOVF     CCP2CON,W          ;set CCP2 as PWM
001F   39F0           00136     ANDLW    0xF0
0020   380C           00137     IORLW    0x0C
0021   009D           00138     MOVWF    CCP2CON
                      00139     
                      00140     ; save pr2 values
MPASM 5.65                          MAIN.ASM   3-4-2016  17:44:49         PAGE  4


LOC  OBJECT CODE     LINE SOURCE TEXT
  VALUE

                      00141     
Message[302]: Register in operand not in bank 0.  Ensure that bank bits are correct.
0022   0812           00142     movfw   PR2
0023   00F6           00143     movwf   pr2temp
                      00144     
                      00145     
                      00146     ;11000011
0024   30C3           00147     MOVLW    b'11000011'        ;set highest PWM value
0025   1683 1303      00148     BANKSEL  PR2        
Message[302]: Register in operand not in bank 0.  Ensure that bank bits are correct.
0027   0092           00149     MOVWF    PR2
0028   1283 1303      00150     BANKSEL  TMR2               
                      00151     
002A   1492           00152     BSF     T2CON,T2CKPS1       ;set prescaler to 16
                      00153     
002B   019B           00154     CLRF    CCPR2L              ;set PWM to zero
                      00155     
002C   1712           00156     BSF     T2CON, TOUTPS3      ; Set Postscale to 16
002D   1692           00157     BSF     T2CON, TOUTPS2
002E   1612           00158     BSF     T2CON, TOUTPS1
002F   1592           00159     BSF     T2CON, TOUTPS0
                      00160     
                      00161     ; SET PWM duty cycle
                      00162     ;01001110
0030   169D           00163     BSF     CCP2CON, 5                          ; change 1s here to 2 to get two pwm bro
0031   161D           00164     BSF     CCP2CON, 4
                      00165     MOVLF   B'01100001', CCPR2L 
0032   3061               M     MOVLW  B'01100001'  ; move literal into working register
0033   009B               M     MOVWF   CCPR2L      ; move working register into reg
0034   159D           00166     BSF     CCP2CON, 3
0035   151D           00167     BSF     CCP2CON, 2
                      00168     
0036   1512           00169     BSF     T2CON, TMR2ON       ;and start the timer running
                      00170     
0037                  00171 Delay
                      00172     
                      00173             ; Delay = 2 seconds
                      00174 ; Clock frequency = 4 MHz
                      00175 
                      00176 ; Actual delay = 2 seconds = 2000000 cycles
                      00177 ; Error = 0 %
                      00178                         ;1999996 cycles
0037   3011           00179         movlw   0x11
0038   00F3           00180         movwf   d1
0039   305D           00181         movlw   0x5D
003A   00F4           00182         movwf   d2
003B   3005           00183         movlw   0x05
003C   00F5           00184         movwf   d1_2
003D                  00185 Delay_0
003D   0BF3           00186         decfsz  d1, f
003E   2???           00187         goto    $+2
003F   0BF4           00188         decfsz  d2, f
0040   2???           00189         goto    $+2
MPASM 5.65                          MAIN.ASM   3-4-2016  17:44:49         PAGE  5


LOC  OBJECT CODE     LINE SOURCE TEXT
  VALUE

0041   0BF5           00190         decfsz  d1_2, f
0042   2???           00191         goto    Delay_0
                      00192 
                      00193                         ;4 cycles (including call)
                      00194          
                      00195     
0043   0195           00196     clrf   CCPR1L
0044   019B           00197     clrf  CCPR2L
0045   0876           00198     movfw   pr2temp
Message[302]: Register in operand not in bank 0.  Ensure that bank bits are correct.
0046   0092           00199     movwf   PR2
                      00200     
                      00201     
0047   2???           00202 STOP    call    STOP
                      00203     
                      00204     
                      00205 
                      00206     
Warning[205]: Found directive in column 1. (END)
3F7A                  00207 END
MPASM 5.65                          MAIN.ASM   3-4-2016  17:44:49         PAGE  6


SYMBOL TABLE
  LABEL                             VALUE 

ACKDT                             00000005
ACKEN                             00000004
ACKSTAT                           00000006
ADCON0                            0000001F
ADCON1                            0000009F
ADCS0                             00000006
ADCS1                             00000007
ADCS2                             00000006
ADD                               
ADDEN                             00000003
ADDL                              
ADFM                              00000007
ADIE                              00000006
ADIF                              00000006
ADON                              00000000
ADRESH                            0000001E
ADRESL                            0000009E
BANK0                             
BANK1                             
BANK2                             
BANK3                             
BCLIE                             00000003
BCLIF                             00000003
BF                                00000000
BRGH                              00000002
C                                 00000000
C1INV                             00000004
C1OUT                             00000006
C2INV                             00000005
C2OUT                             00000007
CCP1CON                           00000017
CCP1IE                            00000002
CCP1IF                            00000002
CCP1M0                            00000000
CCP1M1                            00000001
CCP1M2                            00000002
CCP1M3                            00000003
CCP1X                             00000005
CCP1Y                             00000004
CCP2CON                           0000001D
CCP2IE                            00000000
CCP2IF                            00000000
CCP2M0                            00000000
CCP2M1                            00000001
CCP2M2                            00000002
CCP2M3                            00000003
CCP2X                             00000005
CCP2Y                             00000004
CCPR1                             00000015
CCPR1H                            00000016
CCPR1L                            00000015
CCPR2                             0000001B
CCPR2H                            0000001C
MPASM 5.65                          MAIN.ASM   3-4-2016  17:44:49         PAGE  7


SYMBOL TABLE
  LABEL                             VALUE 

CCPR2L                            0000001B
CHS0                              00000003
CHS1                              00000004
CHS2                              00000005
CIS                               00000003
CKE                               00000006
CKP                               00000004
CM0                               00000000
CM1                               00000001
CM2                               00000002
CMCON                             0000009C
CMIE                              00000006
CMIF                              00000006
COUNTH                            00000070
COUNTL                            00000072
COUNTM                            00000071
CREN                              00000004
CSRC                              00000007
CVR0                              00000000
CVR1                              00000001
CVR2                              00000002
CVR3                              00000003
CVRCON                            0000009D
CVREN                             00000007
CVROE                             00000006
CVRR                              00000005
D                                 00000005
DATA_ADDRESS                      00000005
DC                                00000001
D_A                               00000005
D_NOT_A                           00000005
Delay                             00000037
Delay_0                           0000003D
EEADR                             0000010D
EEADRH                            0000010F
EECON1                            0000018C
EECON2                            0000018D
EEDATA                            0000010C
EEDATH                            0000010E
EEIE                              00000004
EEIF                              00000004
EEPGD                             00000007
F                                 00000001
FERR                              00000002
FSR                               00000004
GCEN                              00000007
GIE                               00000007
GO                                00000002
GO_DONE                           00000002
GO_NOT_DONE                       00000002
I2C_DATA                          00000005
I2C_READ                          00000002
I2C_START                         00000003
MPASM 5.65                          MAIN.ASM   3-4-2016  17:44:49         PAGE  8


SYMBOL TABLE
  LABEL                             VALUE 

I2C_STOP                          00000004
IBF                               00000007
IBOV                              00000005
INDF                              00000000
INTCON                            0000000B
INTE                              00000004
INTEDG                            00000006
INTF                              00000001
IRP                               00000007
MOV                               
MOVLF                             
Main                              00000001
NOT_A                             00000005
NOT_ADDRESS                       00000005
NOT_BO                            00000000
NOT_BOR                           00000000
NOT_DONE                          00000002
NOT_PD                            00000003
NOT_POR                           00000001
NOT_RBPU                          00000007
NOT_RC8                           00000006
NOT_T1SYNC                        00000002
NOT_TO                            00000004
NOT_TX8                           00000006
NOT_W                             00000002
NOT_WRITE                         00000002
OBF                               00000006
OERR                              00000001
OPTION_REG                        00000081
P                                 00000004
PCFG0                             00000000
PCFG1                             00000001
PCFG2                             00000002
PCFG3                             00000003
PCL                               00000002
PCLATH                            0000000A
PCON                              0000008E
PEIE                              00000006
PEN                               00000002
PIE1                              0000008C
PIE2                              0000008D
PIR1                              0000000C
PIR2                              0000000D
PORTA                             00000005
PORTB                             00000006
PORTC                             00000007
PORTD                             00000008
PORTE                             00000009
PR2                               00000092
PS0                               00000000
PS1                               00000001
PS2                               00000002
PSA                               00000003
MPASM 5.65                          MAIN.ASM   3-4-2016  17:44:49         PAGE  9


SYMBOL TABLE
  LABEL                             VALUE 

PSPIE                             00000007
PSPIF                             00000007
PSPMODE                           00000004
R                                 00000002
RA0                               00000000
RA1                               00000001
RA2                               00000002
RA3                               00000003
RA4                               00000004
RA5                               00000005
RB0                               00000000
RB1                               00000001
RB2                               00000002
RB3                               00000003
RB4                               00000004
RB5                               00000005
RB6                               00000006
RB7                               00000007
RBIE                              00000003
RBIF                              00000000
RC0                               00000000
RC1                               00000001
RC2                               00000002
RC3                               00000003
RC4                               00000004
RC5                               00000005
RC6                               00000006
RC7                               00000007
RC8_9                             00000006
RC9                               00000006
RCD8                              00000000
RCEN                              00000003
RCIE                              00000005
RCIF                              00000005
RCREG                             0000001A
RCSTA                             00000018
RD                                00000000
RD0                               00000000
RD1                               00000001
RD2                               00000002
RD3                               00000003
RD4                               00000004
RD5                               00000005
RD6                               00000006
RD7                               00000007
RE0                               00000000
RE1                               00000001
RE2                               00000002
READ_WRITE                        00000002
RP0                               00000005
RP1                               00000006
RSEN                              00000001
RX9                               00000006
MPASM 5.65                          MAIN.ASM   3-4-2016  17:44:49         PAGE 10


SYMBOL TABLE
  LABEL                             VALUE 

RX9D                              00000000
R_NOT_W                           00000002
R_W                               00000002
S                                 00000003
SEN                               00000000
SMP                               00000007
SPBRG                             00000099
SPEN                              00000007
SREN                              00000005
SSPADD                            00000093
SSPBUF                            00000013
SSPCON                            00000014
SSPCON2                           00000091
SSPEN                             00000005
SSPIE                             00000003
SSPIF                             00000003
SSPM0                             00000000
SSPM1                             00000001
SSPM2                             00000002
SSPM3                             00000003
SSPOV                             00000006
SSPSTAT                           00000094
STATUS                            00000003
STOP                              00000047
SYNC                              00000004
T0CS                              00000005
T0IE                              00000005
T0IF                              00000002
T0SE                              00000004
T1CKPS0                           00000004
T1CKPS1                           00000005
T1CON                             00000010
T1INSYNC                          00000002
T1OSCEN                           00000003
T1SYNC                            00000002
T2CKPS0                           00000000
T2CKPS1                           00000001
T2CON                             00000012
TMR0                              00000001
TMR0IE                            00000005
TMR0IF                            00000002
TMR1                              0000000E
TMR1CS                            00000001
TMR1H                             0000000F
TMR1IE                            00000000
TMR1IF                            00000000
TMR1L                             0000000E
TMR1ON                            00000000
TMR2                              00000011
TMR2IE                            00000001
TMR2IF                            00000001
TMR2ON                            00000002
TOUTPS0                           00000003
MPASM 5.65                          MAIN.ASM   3-4-2016  17:44:49         PAGE 11


SYMBOL TABLE
  LABEL                             VALUE 

TOUTPS1                           00000004
TOUTPS2                           00000005
TOUTPS3                           00000006
TRISA                             00000085
TRISA0                            00000000
TRISA1                            00000001
TRISA2                            00000002
TRISA3                            00000003
TRISA4                            00000004
TRISA5                            00000005
TRISB                             00000086
TRISB0                            00000000
TRISB1                            00000001
TRISB2                            00000002
TRISB3                            00000003
TRISB4                            00000004
TRISB5                            00000005
TRISB6                            00000006
TRISB7                            00000007
TRISC                             00000087
TRISC0                            00000000
TRISC1                            00000001
TRISC2                            00000002
TRISC3                            00000003
TRISC4                            00000004
TRISC5                            00000005
TRISC6                            00000006
TRISC7                            00000007
TRISD                             00000088
TRISD0                            00000000
TRISD1                            00000001
TRISD2                            00000002
TRISD3                            00000003
TRISD4                            00000004
TRISD5                            00000005
TRISD6                            00000006
TRISD7                            00000007
TRISE                             00000089
TRISE0                            00000000
TRISE1                            00000001
TRISE2                            00000002
TRMT                              00000001
TX8_9                             00000006
TX9                               00000006
TX9D                              00000000
TXD8                              00000000
TXEN                              00000005
TXIE                              00000004
TXIF                              00000004
TXREG                             00000019
TXSTA                             00000098
UA                                00000001
W                                 00000000
MPASM 5.65                          MAIN.ASM   3-4-2016  17:44:49         PAGE 12


SYMBOL TABLE
  LABEL                             VALUE 

WCOL                              00000007
WR                                00000001
WREN                              00000002
WRERR                             00000003
Z                                 00000002
_.org_0_003E                      0000003E
_.org_0_0040                      00000040
_BODEN_OFF                        00003FBF
_BODEN_ON                         00003FFF
_BOREN_OFF                        00003FBF
_BOREN_ON                         00003FFF
_CONFIG                           00002007
_CPD_OFF                          00003FFF
_CPD_ON                           00003EFF
_CP_ALL                           00001FFF
_CP_OFF                           00003FFF
_CP_ON                            00001FFF
_DEBUG_OFF                        00003FFF
_DEBUG_ON                         000037FF
_DEVID1                           00002006
_FOSC_EXTRC                       00003FFF
_FOSC_HS                          00003FFE
_FOSC_LP                          00003FFC
_FOSC_XT                          00003FFD
_HS_OSC                           00003FFE
_IDLOC0                           00002000
_IDLOC1                           00002001
_IDLOC2                           00002002
_IDLOC3                           00002003
_LP_OSC                           00003FFC
_LVP_OFF                          00003F7F
_LVP_ON                           00003FFF
_PWRTE_OFF                        00003FFF
_PWRTE_ON                         00003FF7
_RC_OSC                           00003FFF
_WDTE_OFF                         00003FFB
_WDTE_ON                          00003FFF
_WDT_OFF                          00003FFB
_WDT_ON                           00003FFF
_WRT_1FOURTH                      00003BFF
_WRT_256                          00003DFF
_WRT_HALF                         000039FF
_WRT_OFF                          00003FFF
_XT_OSC                           00003FFD
__16F877                          00000001
d1                                00000073
d1_2                              00000075
d2                                00000074
pr2temp                           00000076

MPASM 5.65                          MAIN.ASM   3-4-2016  17:44:49         PAGE 13





Errors   :     0
Warnings :     3 reported,     0 suppressed
Messages :     7 reported,     0 suppressed

