MPASM  5.45                          MAIN.ASM   2-3-2013  23:48:09         PAGE  1


LOC  OBJECT CODE     LINE SOURCE TEXT
  VALUE

                      00001 ;*******************************************************************
                      00002 ; Keypad/LCD Test Code
                      00003 ; Assembler : mpasm.exe
                      00004 ; Linker    : mplink.exe
                      00005 ; Written By : Kevin Lam
                      00006 ;*******************************************************************
                      00007 
                      00008       list p=16f877                 ; list directive to define processor
                      00009       #include <p16f877.inc>        ; processor specific variable definitions
                      00001         LIST
                      00002 
                      00003 ;==========================================================================
                      00004 ;  MPASM PIC16F877 processor include
                      00005 ; 
                      00006 ;  (c) Copyright 1999-2012 Microchip Technology, All rights reserved
                      00007 ;==========================================================================
                      00008 
                      00540         LIST
2007   3F72           00010       __CONFIG _CP_OFF & _WDT_OFF & _BODEN_ON & _PWRTE_ON & _HS_OSC & _WRT_ENABLE_ON & _CPD_OFF & _LVP_O
                            FF
                      00011 
                      00012  
                      00013         ;Declare unbanked variables (at 0x70 and on)
                      00014         cblock  0x70
  00000070            00015                 lcd_tmp 
  00000071            00016                 lcd_d1  
  00000072            00017                 lcd_d2  
                      00018         endc
                      00019 
                      00020         ;Declare constants for pin assignments (LCD on PORTD)
Warning[207]: Found label after column 1. (RS)
  00000002            00021                 RS      equ 2
Warning[207]: Found label after column 1. (E)
  00000003            00022                 E       equ 3
                      00023 
                      00024         ;Helper macros
                      00025 WRT_LCD macro val
                      00026         movlw   val
                      00027         call    WrtLCD
                      00028         endm
                      00029         
                      00030 ;Delay: ~160us
                      00031 LCD_DELAY macro
                      00032         movlw   0xFF
                      00033         movwf   lcd_d1
                      00034         decfsz  lcd_d1,f
                      00035         goto    $-1
                      00036         endm
                      00037 
                      00038 
                      00039          ORG       0x0000     ;RESET vector must always be at 0x00
0000   2???           00040          goto      init       ;Just jump to the main code section.
                      00041          
MPASM  5.45                          MAIN.ASM   2-3-2013  23:48:09         PAGE  2


LOC  OBJECT CODE     LINE SOURCE TEXT
  VALUE

0001                  00042 init
0001   018B           00043          clrf      INTCON         ; No interrupts
                      00044 
0002   1683           00045          bsf       STATUS,RP0     ; select bank 1
Message[302]: Register in operand not in bank 0.  Ensure that bank bits are correct.
0003   0185           00046          clrf      TRISA          ; All port A is output
0004   30F2           00047          movlw     b'11110010'    ; Set required keypad inputs
Message[302]: Register in operand not in bank 0.  Ensure that bank bits are correct.
0005   0086           00048          movwf     TRISB
Message[302]: Register in operand not in bank 0.  Ensure that bank bits are correct.
0006   0187           00049          clrf      TRISC          ; All port C is output
Message[302]: Register in operand not in bank 0.  Ensure that bank bits are correct.
0007   0188           00050          clrf      TRISD          ; All port D is output
                      00051 
0008   1283           00052          bcf       STATUS,RP0     ; select bank 0
0009   0185           00053          clrf      PORTA
000A   0186           00054          clrf      PORTB
000B   0187           00055          clrf      PORTC
000C   0188           00056          clrf      PORTD
                      00057           
000D   2???           00058          call      InitLCD    ;Initialize the LCD (code in lcd.asm; imported by lcd.inc)
                      00059 
000E   1C86           00060 test     btfss          PORTB,1     ;Wait until data is available from the keypad
000F   2???           00061          goto           $-1 
                      00062 
0010   0E06           00063          swapf          PORTB,W     ;Read PortB<7:4> into W<3:0>
0011   390F           00064          andlw          0x0F
0012   2???           00065          call     KPHexToChar ;Convert keypad value to LCD character (value is still held in W)
0013   2???           00066          call     WrtLCD      ;Write the value in W to LCD
                      00067 
0014   1886           00068          btfsc          PORTB,1     ;Wait until key is released
0015   2???           00069          goto           $-1
0016   2???           00070          goto     test
                      00071 
0017                  00072 KPHexToChar
0017   0782           00073           addwf     PCL,f
0018   3431 3432 3433 00074           dt        "123A456B789C*0#D"
       3441 3434 3435 
       3436 3442 3437 
       3438 3439 3443 
       342A 3430 3423 
       3444 
                      00075 
                      00076 
                      00077 ;******* LCD-related subroutines *******
                      00078 
                      00079 
                      00080     ;***********************************
0028                  00081 InitLCD
0028   1283           00082         bcf STATUS,RP0
0029   1588           00083         bsf PORTD,E     ;E default high
                      00084         
                      00085         ;Wait for LCD POR to finish (~15ms)
MPASM  5.45                          MAIN.ASM   2-3-2013  23:48:09         PAGE  3


LOC  OBJECT CODE     LINE SOURCE TEXT
  VALUE

002A   2???           00086         call lcdLongDelay
002B   2???           00087         call lcdLongDelay
002C   2???           00088         call lcdLongDelay
                      00089 
                      00090         ;Ensure 8-bit mode first (no way to immediately guarantee 4-bit mode)
                      00091         ; -> Send b'0011' 3 times
002D   1108           00092     bcf     PORTD,RS       ;Instruction mode
002E   3030           00093         movlw   B'00110000'
002F   2???           00094         call    MovMSB
0030   2???           00095         call lcdLongDelay
0031   2???           00096         call lcdLongDelay
0032   2???           00097         call    ClkLCD         ;Finish last 4-bit send (if reset occurred in middle of a send)
0033   2???           00098         call    lcdLongDelay   ;->max instruction time ~= 5ms
0034   2???           00099         call    ClkLCD         ;Assuming 4-bit mode, set 8-bit mode
0035   2???           00100         call    ClkLCD         ;(note: if it's in 8-bit mode already, it will stay in 8-bit mode)
                      00101 
                      00102     ;Now that we know for sure it's in 8-bit mode, set 4-bit mode.
0036   3020           00103         movlw B'00100000'
0037   2???           00104         call MovMSB
0038   2???           00105         call lcdLongDelay
0039   2???           00106         call lcdLongDelay
003A   2???           00107         call ClkLCD
                      00108 
                      00109         ;Give LCD init instructions
                      00110         WRT_LCD B'00101000' ; 4 bits, 2 lines,5X8 dot
003B   3028               M         movlw   B'00101000'
003C   2???               M         call    WrtLCD
003D   2???           00111         call lcdLongDelay
003E   2???           00112         call lcdLongDelay
                      00113         WRT_LCD B'00001111' ; display on,cursor,blink
003F   300F               M         movlw   B'00001111'
0040   2???               M         call    WrtLCD
0041   2???           00114         call lcdLongDelay
0042   2???           00115         call lcdLongDelay
                      00116         WRT_LCD B'00000110' ; Increment,no shift
0043   3006               M         movlw   B'00000110'
0044   2???               M         call    WrtLCD
0045   2???           00117         call lcdLongDelay
0046   2???           00118         call lcdLongDelay
                      00119         ;Ready to display characters
0047   2???           00120         call    ClrLCD
0048   1508           00121     bsf     PORTD,RS    ;Character mode
0049   0008           00122         return
                      00123     ;************************************
                      00124 
                      00125         ;WrtLCD: Clock MSB and LSB of W to PORTD<7:4> in two cycles
004A                  00126 WrtLCD
004A   00F0           00127         movwf   lcd_tmp ; store original value
004B   2???           00128         call    MovMSB  ; move MSB to PORTD
004C   2???           00129         call    ClkLCD
004D   0E70           00130         swapf   lcd_tmp,w ; Swap LSB of value into MSB of W
004E   2???           00131     call    MovMSB    ; move to PORTD
004F   2???           00132     call    ClkLCD
MPASM  5.45                          MAIN.ASM   2-3-2013  23:48:09         PAGE  4


LOC  OBJECT CODE     LINE SOURCE TEXT
  VALUE

0050   0008           00133     return
                      00134 
                      00135     ;ClrLCD: Clear the LCD display
0051                  00136 ClrLCD
0051   1108           00137     bcf     PORTD,RS       ;Instruction mode
                      00138     WRT_LCD b'00000001'
0052   3001               M         movlw   b'00000001'
0053   2???               M         call    WrtLCD
0054   2???           00139     call    lcdLongDelay
0055   0008           00140     return
                      00141 
                      00142     ;ClkLCD: Pulse the E line low
0056                  00143 ClkLCD
                      00144     LCD_DELAY
0056   30FF               M         movlw   0xFF
0057   00F1               M         movwf   lcd_d1
0058   0BF1               M         decfsz  lcd_d1,f
0059   2???               M         goto    $-1
005A   1188           00145     bcf PORTD,E
                      00146     LCD_DELAY   ; __    __
005B   30FF               M         movlw   0xFF
005C   00F1               M         movwf   lcd_d1
005D   0BF1               M         decfsz  lcd_d1,f
005E   2???               M         goto    $-1
005F   1588           00147     bsf PORTD,E ;   |__|
0060   0008           00148     return
                      00149 
                      00150     ;****************************************
                      00151 
                      00152     ;MovMSB: Move MSB of W to PORTD, without disturbing LSB
0061                  00153 MovMSB
0061   39F0           00154     andlw 0xF0
0062   0488           00155     iorwf PORTD,f
0063   380F           00156     iorlw 0x0F
0064   0588           00157     andwf PORTD,f
0065   0008           00158     return
                      00159 
                      00160     ;Delay: ~5ms
0066                  00161 lcdLongDelay
0066   3014           00162     movlw d'20'
0067   00F2           00163     movwf lcd_d2
0068                  00164 LLD_LOOP
                      00165     LCD_DELAY
0068   30FF               M         movlw   0xFF
0069   00F1               M         movwf   lcd_d1
006A   0BF1               M         decfsz  lcd_d1,f
006B   2???               M         goto    $-1
006C   0BF2           00166     decfsz lcd_d2,f
006D   2???           00167     goto LLD_LOOP
006E   0008           00168     return
                      00169     
                      00170     
3F72                  00171         END
MPASM  5.45                          MAIN.ASM   2-3-2013  23:48:09         PAGE  5


SYMBOL TABLE
  LABEL                             VALUE 

ACKDT                             00000005
ACKEN                             00000004
ACKSTAT                           00000006
ADCON0                            0000001F
ADCON1                            0000009F
ADCS0                             00000006
ADCS1                             00000007
ADDEN                             00000003
ADFM                              00000007
ADIE                              00000006
ADIF                              00000006
ADON                              00000000
ADRESH                            0000001E
ADRESL                            0000009E
BCLIE                             00000003
BCLIF                             00000003
BF                                00000000
BRGH                              00000002
C                                 00000000
CCP1CON                           00000017
CCP1IE                            00000002
CCP1IF                            00000002
CCP1M0                            00000000
CCP1M1                            00000001
CCP1M2                            00000002
CCP1M3                            00000003
CCP1X                             00000005
CCP1Y                             00000004
CCP2CON                           0000001D
CCP2IE                            00000000
CCP2IF                            00000000
CCP2M0                            00000000
CCP2M1                            00000001
CCP2M2                            00000002
CCP2M3                            00000003
CCP2X                             00000005
CCP2Y                             00000004
CCPR1                             00000015
CCPR1H                            00000016
CCPR1L                            00000015
CCPR2                             0000001B
CCPR2H                            0000001C
CCPR2L                            0000001B
CHS0                              00000003
CHS1                              00000004
CHS2                              00000005
CKE                               00000006
CKP                               00000004
CREN                              00000004
CSRC                              00000007
ClkLCD                            00000056
ClrLCD                            00000051
D                                 00000005
MPASM  5.45                          MAIN.ASM   2-3-2013  23:48:09         PAGE  6


SYMBOL TABLE
  LABEL                             VALUE 

DATA_ADDRESS                      00000005
DC                                00000001
D_A                               00000005
D_NOT_A                           00000005
E                                 00000003
EEADR                             0000010D
EEADRH                            0000010F
EECON1                            0000018C
EECON2                            0000018D
EEDATA                            0000010C
EEDATH                            0000010E
EEIE                              00000004
EEIF                              00000004
EEPGD                             00000007
F                                 00000001
FERR                              00000002
FSR                               00000004
GCEN                              00000007
GIE                               00000007
GO                                00000002
GO_DONE                           00000002
GO_NOT_DONE                       00000002
I2C_DATA                          00000005
I2C_READ                          00000002
I2C_START                         00000003
I2C_STOP                          00000004
IBF                               00000007
IBOV                              00000005
INDF                              00000000
INTCON                            0000000B
INTE                              00000004
INTEDG                            00000006
INTF                              00000001
IRP                               00000007
InitLCD                           00000028
KPHexToChar                       00000017
LCD_DELAY                         
LLD_LOOP                          00000068
MovMSB                            00000061
NOT_A                             00000005
NOT_ADDRESS                       00000005
NOT_BO                            00000000
NOT_BOR                           00000000
NOT_DONE                          00000002
NOT_PD                            00000003
NOT_POR                           00000001
NOT_RBPU                          00000007
NOT_RC8                           00000006
NOT_T1SYNC                        00000002
NOT_TO                            00000004
NOT_TX8                           00000006
NOT_W                             00000002
NOT_WRITE                         00000002
MPASM  5.45                          MAIN.ASM   2-3-2013  23:48:09         PAGE  7


SYMBOL TABLE
  LABEL                             VALUE 

OBF                               00000006
OERR                              00000001
OPTION_REG                        00000081
P                                 00000004
PCFG0                             00000000
PCFG1                             00000001
PCFG2                             00000002
PCFG3                             00000003
PCL                               00000002
PCLATH                            0000000A
PCON                              0000008E
PEIE                              00000006
PEN                               00000002
PIE1                              0000008C
PIE2                              0000008D
PIR1                              0000000C
PIR2                              0000000D
PORTA                             00000005
PORTB                             00000006
PORTC                             00000007
PORTD                             00000008
PORTE                             00000009
PR2                               00000092
PS0                               00000000
PS1                               00000001
PS2                               00000002
PSA                               00000003
PSPIE                             00000007
PSPIF                             00000007
PSPMODE                           00000004
R                                 00000002
RA0                               00000000
RA1                               00000001
RA2                               00000002
RA3                               00000003
RA4                               00000004
RA5                               00000005
RB0                               00000000
RB1                               00000001
RB2                               00000002
RB3                               00000003
RB4                               00000004
RB5                               00000005
RB6                               00000006
RB7                               00000007
RBIE                              00000003
RBIF                              00000000
RC0                               00000000
RC1                               00000001
RC2                               00000002
RC3                               00000003
RC4                               00000004
RC5                               00000005
MPASM  5.45                          MAIN.ASM   2-3-2013  23:48:09         PAGE  8


SYMBOL TABLE
  LABEL                             VALUE 

RC6                               00000006
RC7                               00000007
RC8_9                             00000006
RC9                               00000006
RCD8                              00000000
RCEN                              00000003
RCIE                              00000005
RCIF                              00000005
RCREG                             0000001A
RCSTA                             00000018
RD                                00000000
RD0                               00000000
RD1                               00000001
RD2                               00000002
RD3                               00000003
RD4                               00000004
RD5                               00000005
RD6                               00000006
RD7                               00000007
RE0                               00000000
RE1                               00000001
RE2                               00000002
READ_WRITE                        00000002
RP0                               00000005
RP1                               00000006
RS                                00000002
RSEN                              00000001
RX9                               00000006
RX9D                              00000000
R_NOT_W                           00000002
R_W                               00000002
S                                 00000003
SEN                               00000000
SMP                               00000007
SPBRG                             00000099
SPEN                              00000007
SREN                              00000005
SSPADD                            00000093
SSPBUF                            00000013
SSPCON                            00000014
SSPCON2                           00000091
SSPEN                             00000005
SSPIE                             00000003
SSPIF                             00000003
SSPM0                             00000000
SSPM1                             00000001
SSPM2                             00000002
SSPM3                             00000003
SSPOV                             00000006
SSPSTAT                           00000094
STATUS                            00000003
SYNC                              00000004
T0CS                              00000005
MPASM  5.45                          MAIN.ASM   2-3-2013  23:48:09         PAGE  9


SYMBOL TABLE
  LABEL                             VALUE 

T0IE                              00000005
T0IF                              00000002
T0SE                              00000004
T1CKPS0                           00000004
T1CKPS1                           00000005
T1CON                             00000010
T1INSYNC                          00000002
T1OSCEN                           00000003
T1SYNC                            00000002
T2CKPS0                           00000000
T2CKPS1                           00000001
T2CON                             00000012
TMR0                              00000001
TMR0IE                            00000005
TMR0IF                            00000002
TMR1                              0000000E
TMR1CS                            00000001
TMR1H                             0000000F
TMR1IE                            00000000
TMR1IF                            00000000
TMR1L                             0000000E
TMR1ON                            00000000
TMR2                              00000011
TMR2IE                            00000001
TMR2IF                            00000001
TMR2ON                            00000002
TOUTPS0                           00000003
TOUTPS1                           00000004
TOUTPS2                           00000005
TOUTPS3                           00000006
TRISA                             00000085
TRISA0                            00000000
TRISA1                            00000001
TRISA2                            00000002
TRISA3                            00000003
TRISA4                            00000004
TRISA5                            00000005
TRISB                             00000086
TRISB0                            00000000
TRISB1                            00000001
TRISB2                            00000002
TRISB3                            00000003
TRISB4                            00000004
TRISB5                            00000005
TRISB6                            00000006
TRISB7                            00000007
TRISC                             00000087
TRISC0                            00000000
TRISC1                            00000001
TRISC2                            00000002
TRISC3                            00000003
TRISC4                            00000004
TRISC5                            00000005
MPASM  5.45                          MAIN.ASM   2-3-2013  23:48:09         PAGE 10


SYMBOL TABLE
  LABEL                             VALUE 

TRISC6                            00000006
TRISC7                            00000007
TRISD                             00000088
TRISD0                            00000000
TRISD1                            00000001
TRISD2                            00000002
TRISD3                            00000003
TRISD4                            00000004
TRISD5                            00000005
TRISD6                            00000006
TRISD7                            00000007
TRISE                             00000089
TRISE0                            00000000
TRISE1                            00000001
TRISE2                            00000002
TRMT                              00000001
TX8_9                             00000006
TX9                               00000006
TX9D                              00000000
TXD8                              00000000
TXEN                              00000005
TXIE                              00000004
TXIF                              00000004
TXREG                             00000019
TXSTA                             00000098
UA                                00000001
W                                 00000000
WCOL                              00000007
WR                                00000001
WREN                              00000002
WRERR                             00000003
WRT_LCD                           
WrtLCD                            0000004A
Z                                 00000002
_.org_0_000F                      0000000F
_.org_0_0015                      00000015
_.org_0_0059                      00000059
_.org_0_005E                      0000005E
_.org_0_006B                      0000006B
_BODEN_OFF                        00003FBF
_BODEN_ON                         00003FFF
_BOREN_OFF                        00003FBF
_BOREN_ON                         00003FFF
_CONFIG                           00002007
_CPD_OFF                          00003FFF
_CPD_ON                           00003EFF
_CP_ALL                           00000FCF
_CP_HALF                          00001FDF
_CP_OFF                           00003FFF
_CP_UPPER_256                     00002FEF
_DEBUG_OFF                        00003FFF
_DEBUG_ON                         000037FF
_DEVID1                           00002006
MPASM  5.45                          MAIN.ASM   2-3-2013  23:48:09         PAGE 11


SYMBOL TABLE
  LABEL                             VALUE 

_FOSC_EXTRC                       00003FFF
_FOSC_HS                          00003FFE
_FOSC_LP                          00003FFC
_FOSC_XT                          00003FFD
_HS_OSC                           00003FFE
_IDLOC0                           00002000
_IDLOC1                           00002001
_IDLOC2                           00002002
_IDLOC3                           00002003
_LP_OSC                           00003FFC
_LVP_OFF                          00003F7F
_LVP_ON                           00003FFF
_PWRTE_OFF                        00003FFF
_PWRTE_ON                         00003FF7
_RC_OSC                           00003FFF
_WDTE_OFF                         00003FFB
_WDTE_ON                          00003FFF
_WDT_OFF                          00003FFB
_WDT_ON                           00003FFF
_WRT_ENABLE_OFF                   00003DFF
_WRT_ENABLE_ON                    00003FFF
_WRT_OFF                          00003DFF
_WRT_ON                           00003FFF
_XT_OSC                           00003FFD
__16F877                          00000001
init                              00000001
lcdLongDelay                      00000066
lcd_d1                            00000071
lcd_d2                            00000072
lcd_tmp                           00000070
test                              0000000E

Errors   :     0
Warnings :     2 reported,     0 suppressed
Messages :     4 reported,     0 suppressed

