MPASM 5.65                          MAIN.ASM   3-5-2016  21:35:42         PAGE  1


LOC  OBJECT CODE     LINE SOURCE TEXT
  VALUE

                      00001       list p=16f877                 ; list directive to define processor
                      00002       #include <p16f877.inc>        ; processor specific variable definitions
                      00001         LIST
                      00002 
                      00003 ;==========================================================================
                      00004 ; Build date : Dec 08 2015
                      00005 ;  MPASM PIC16F877 processor include
                      00006 ; 
                      00007 ;  (c) Copyright 1999-2015 Microchip Technology, All rights reserved
                      00008 ;==========================================================================
                      00009 
                      00541         LIST
2007   3F72           00003       __CONFIG _CP_OFF & _WDT_OFF & _BODEN_ON & _PWRTE_ON & _HS_OSC & _WRT_ENABLE_ON & _CPD_OFF & _LVP_O
                            FF
                      00004 
                      00005 
                      00006         cblock  0x70
  00000070            00007                 COUNTH
  00000071            00008                 COUNTM  
  00000072            00009                 COUNTL  
  00000073            00010                 Table_Counter
  00000074            00011                 lcd_tmp 
  00000075            00012                 lcd_d1
  00000076            00013                 lcd_d2
  00000077            00014                 com     
  00000078            00015                 dat
  00000079            00016                 NumH
  0000007A            00017                 NumL
  0000007B            00018                 TenK
  0000007C            00019                 Thou
  0000007D            00020                 Hund
  0000007E            00021                 Tens
  0000007F            00022                 Ones
  00000080            00023                 Temp
  00000081            00024                 delay3
                      00025         endc    
                      00026 
                      00027         ;Declare constants for pin assignments (LCD on PORTD)
                      00028                 #define RS      PORTD,2
                      00029                 #define E       PORTD,3
                      00030                 #define UST     PORTC,2
                      00031                 #define US1E    PORTA,4
                      00032 
                      00033          ORG       0x0000     ;RESET vector must always be at 0x00
0000   2???           00034          goto      init       ;Just jump to the main code section.
                      00035          
                      00036 
                      00037 ;***************************************
                      00038 ; Delay: ~160us macro
                      00039 ;***************************************
                      00040 LCD_DELAY macro
                      00041         movlw   0xFF
                      00042         movwf   lcd_d1
MPASM 5.65                          MAIN.ASM   3-5-2016  21:35:42         PAGE  2


LOC  OBJECT CODE     LINE SOURCE TEXT
  VALUE

                      00043         decfsz  lcd_d1,f
                      00044         goto    $-1
                      00045         endm
                      00046         
                      00047 ;***************************************
                      00048 ; Delay: ~ 5ms
                      00049 ;***************************************
0001                  00050 DELAY1 
                      00051                                 ;4998 cycles
0001   30E7           00052         movlw   0xE7
0002   00F5           00053         movwf   lcd_d1
0003   3004           00054         movlw   0x04
0004   00F6           00055         movwf   lcd_d2
0005                  00056 Delay_0
0005   0BF5           00057         decfsz  lcd_d1, f
0006   2???           00058         goto    $+2
0007   0BF6           00059         decfsz  lcd_d2, f
0008   2???           00060         goto    Delay_0
                      00061 
                      00062                         ;2 cycles
0009   2???           00063         goto    $+1
000A   0008           00064         return
                      00065         
                      00066 ;***************************************
                      00067 ; Delay: ~10us
                      00068 ;***************************************
000B                  00069 delay10us
000B   3014           00070     movlw       d'20'
Message[302]: Register in operand not in bank 0.  Ensure that bank bits are correct.
000C   0081           00071     movwf       delay3
000D                  00072 Delay10usLoop
Message[302]: Register in operand not in bank 0.  Ensure that bank bits are correct.
000D   0B81           00073     decfsz      delay3, f
000E   2???           00074     goto        Delay10usLoop
000F   0008           00075     return
                      00076         
                      00077 
                      00078 
                      00079 ;***************************************
                      00080 ; Display macro
                      00081 ;***************************************
                      00082 Display macro   Message
                      00083                 local   loop_
                      00084                 local   end_
                      00085                 clrf    Table_Counter
                      00086                 clrw            
                      00087 loop_   movf    Table_Counter,W
                      00088                 call    Message
                      00089                 xorlw   B'00000000' ;check WORK reg to see if 0 is returned
                      00090                 btfsc   STATUS,Z
                      00091                         goto    end_
                      00092                 call    WR_DATA
                      00093                 incf    Table_Counter,F
MPASM 5.65                          MAIN.ASM   3-5-2016  21:35:42         PAGE  3


LOC  OBJECT CODE     LINE SOURCE TEXT
  VALUE

                      00094                 goto    loop_
                      00095 end_
                      00096                 endm
                      00097 
                      00098 ;***************************************
                      00099 ; Number to Printable
                      00100 ;***************************************
                      00101 PrintNumber macro       number
                      00102         ;movf       number ,W
                      00103         movfw       number
                      00104         call        DectoChar
                      00105         call        WR_DATA
                      00106         endm
                      00107 
                      00108 ; white and black sticker labels at bottom
                      00109 
                      00110 ;***************************************
                      00111 ; Initialize LCD
                      00112 ;***************************************
0010                  00113 init
0010   018B           00114          clrf      INTCON         ; No interrupts
                      00115 
0011   1683           00116          bsf       STATUS,RP0     ; select bank 1
0012   30FF           00117          movlw      0xFF
Message[302]: Register in operand not in bank 0.  Ensure that bank bits are correct.
0013   0085           00118          movwf      TRISA          ; All port A is input
0014   30F2           00119          movlw     b'11110010'    ; Set required keypad inputs
Message[302]: Register in operand not in bank 0.  Ensure that bank bits are correct.
0015   0086           00120          movwf     TRISB
Message[302]: Register in operand not in bank 0.  Ensure that bank bits are correct.
0016   0187           00121          clrf      TRISC          ; All port C is output
Message[302]: Register in operand not in bank 0.  Ensure that bank bits are correct.
0017   0188           00122          clrf      TRISD          ; All port D is output
                      00123          
                      00124          
                      00125 
0018   1283           00126          bcf       STATUS,RP0     ; select bank 0
0019   0185           00127          clrf      PORTA
001A   0186           00128          clrf      PORTB
001B   0187           00129          clrf      PORTC
001C   0188           00130          clrf      PORTD
                      00131           
001D   2???           00132          call      InitLCD        ;Initialize the LCD (code in lcd.asm; imported by lcd.inc)
                      00133 
                      00134 ;***************************************
                      00135 ; Main code
                      00136 ;***************************************
                      00137 Main    Display         Welcome_Msg
  0000                    M                 local   loop_
  0000                    M                 local   end_
001E   01F3               M                 clrf    Table_Counter
001F   0103               M                 clrw            
0020   0873               M loop_   movf    Table_Counter,W
MPASM 5.65                          MAIN.ASM   3-5-2016  21:35:42         PAGE  4


LOC  OBJECT CODE     LINE SOURCE TEXT
  VALUE

0021   2???               M                 call    Welcome_Msg
0022   3A00               M                 xorlw   B'00000000' ;check WORK reg to see if 0 is returned
0023   1903               M                 btfsc   STATUS,Z
0024   2???               M                         goto    end_
0025   2???               M                 call    WR_DATA
0026   0AF3               M                 incf    Table_Counter,F
0027   2???               M                 goto    loop_
0028                      M end_
                      00138          
0028                  00139 Main2
                      00140          
                      00141         ;Display                Alphabet
                      00142          
0028   2???           00143         call            Read_US1 
                      00144         
                      00145         ;bsf        PORTA,0         ; for testing purposes to power sensor
                      00146          
0029   2???           00147         call            Clear_Display
                      00148         
002A   080F           00149         movf            TMR1H, W
002B   00F9           00150         movwf           NumH
002C   080E           00151         movf            TMR1L, W
002D   00FA           00152         movwf           NumL
                      00153         
002E   2???           00154         call            bin16_BCD
                      00155         
                      00156         PrintNumber     TenK
                          M         ;movf       number ,W
002F   087B               M         movfw       TenK
0030   2???               M         call        DectoChar
0031   2???               M         call        WR_DATA
                      00157         PrintNumber     Thou
                          M         ;movf       number ,W
0032   087C               M         movfw       Thou
0033   2???               M         call        DectoChar
0034   2???               M         call        WR_DATA
                      00158         PrintNumber     Hund
                          M         ;movf       number ,W
0035   087D               M         movfw       Hund
0036   2???               M         call        DectoChar
0037   2???               M         call        WR_DATA
                      00159         PrintNumber     Tens
                          M         ;movf       number ,W
0038   087E               M         movfw       Tens
0039   2???               M         call        DectoChar
003A   2???               M         call        WR_DATA
                      00160         PrintNumber     Ones
                          M         ;movf       number ,W
003B   087F               M         movfw       Ones
003C   2???               M         call        DectoChar
003D   2???               M         call        WR_DATA
                      00161         
003E   2???           00162         call            HalfS
MPASM 5.65                          MAIN.ASM   3-5-2016  21:35:42         PAGE  5


LOC  OBJECT CODE     LINE SOURCE TEXT
  VALUE

                      00163         
003F   2???           00164         call            Clear_Display
                      00165         
0040   2???           00166         goto            Main2
                      00167         
                      00168 
                      00169 
                      00170 ;SwtichLine
                      00171 ;               call            Switch_Lines
                      00172 ;               Display         Welcome_Msg
                      00173 
                      00174 ;ChangeToQuestionMark
                      00175 ;               movlw           b'11001011'
                      00176 ;               call            WR_INS
                      00177 ;               movlw           "?"
                      00178 ;               call            WR_DATA
                      00179 
                      00180 ;ShiftDisplayLeft
                      00181 ;               call            Clear_Display
                      00182 ;
                      00183 ;               Display         Alphabet
                      00184 ;
                      00185 ;Left   movlw           b'00011000'             ;Move to the left
                      00186 ;               call            WR_INS
                      00187 ;               call            HalfS
                      00188 ;               goto            Left                    ;repeat operation
                      00189 ;               
0041   2???           00190                 goto    $
                      00191 
                      00192                 
                      00193 ;***************************************
                      00194 ; read US
                      00195 ;**************************************
                      00196                 
0042                  00197 Read_US1
0042   018F           00198                 clrf    TMR1H
0043   018E           00199                 clrf    TMR1L
                      00200                 
0044   1107           00201                 bcf     UST             ;make sure trigger is clear
0045   2???           00202                 call    DELAY1
                      00203                 ;Delay_5ms
                      00204                 
0046   1507           00205                 bsf     UST             ;trigger high, bottom sensor
0047   2???           00206                 call    delay10us               ;10us delay
0048   1107           00207                 bcf     UST             ;trigger low
                      00208                 
0049   1E05           00209                 btfss   US1E            ;wait for echo to go high
004A   2???           00210                 goto    $-1
004B   1410           00211                 bsf     T1CON,TMR1ON    ;turn on timer
                      00212                 
004C   1A05           00213                 btfsc   US1E            ;wait for echo to go low
004D   2???           00214                 goto    $-1
                      00215                 
MPASM 5.65                          MAIN.ASM   3-5-2016  21:35:42         PAGE  6


LOC  OBJECT CODE     LINE SOURCE TEXT
  VALUE

004E   1010           00216                 bcf     T1CON,TMR1ON    ;turn off timer
004F   0008           00217                 return
                      00218 ;*******************************************************
                      00219 ;******             BCD                 ****************
                      00220 ;*******************************************************
                      00221         
                      00222 ;---------------- Binary (16-bit) to BCD -----------------------
                      00223 ;
                      00224 ;bin8_BCD:      ; --- Takes Binary.number in      NumL
                      00225 ;bin16_BCD:     ; --- Takes Binary.number in NumH:NumL 
                      00226                 ; --> Returns decimal.form  in TenK:Thou:Hund:Tens:Ones
                      00227 ;               btfsc   US1E            ;wait for echo to go low
                      00228 
                      00229 ; Uses variables
                      00230 ; NumH, NumL
                      00231 ; TenK, Thou, Hund, Tens, Ones
                      00232                 
                      00233 ;BCD    macro   NumH, NumL
                      00234 
0050                  00235 bin16_BCD
0050   0E79           00236         swapf   NumH, W
0051   390F           00237         andlw   0x0F
0052   3EF0           00238         addlw   0xF0
0053   00FC           00239         movwf   Thou 
0054   07FC           00240         addwf   Thou, F 
0055   3EE2           00241         addlw   0xE2 
0056   00FD           00242         movwf   Hund 
0057   3E32           00243         addlw   0x32 
0058   00FF           00244         movwf   Ones 
                      00245 
0059   0879           00246         movf    NumH, W 
005A   390F           00247         andlw   0x0F 
005B   07FD           00248         addwf   Hund, F 
005C   07FD           00249         addwf   Hund, F 
005D   07FF           00250         addwf   Ones, F 
005E   3EE9           00251         addlw   0xE9 
005F   00FE           00252         movwf   Tens 
0060   07FE           00253         addwf   Tens, F 
0061   07FE           00254         addwf   Tens, F 
                      00255 
0062   0E7A           00256         swapf   NumL, W 
0063   390F           00257         andlw   0x0F 
0064   07FE           00258         addwf   Tens, F 
0065   07FF           00259         addwf   Ones, F 
                      00260 
0066   0DFE           00261         rlf    Tens, F 
0067   0DFF           00262         rlf    Ones, F 
0068   09FF           00263         comf    Ones, F 
0069   0DFF           00264         rlf    Ones, F 
                      00265 
006A   087A           00266         movf    NumL, W 
006B   390F           00267         andlw   0x0F 
006C   07FF           00268         addwf   Ones, F 
MPASM 5.65                          MAIN.ASM   3-5-2016  21:35:42         PAGE  7


LOC  OBJECT CODE     LINE SOURCE TEXT
  VALUE

006D   0DFC           00269         rlf    Thou,F 
                      00270 
006E   3007           00271         movlw   0x07 
006F   00FB           00272         movwf   TenK 
                      00273 
0070   300A           00274         movlw   0x0A
0071                  00275 Lb1
0071   03FE           00276         decf    Tens, F 
0072   07FF           00277         addwf   Ones, F 
0073   1C03           00278         btfss   STATUS, C 
0074   2???           00279         goto            Lb1 
0075                  00280 Lb2
0075   03FD           00281         decf    Hund, F 
0076   07FE           00282         addwf   Tens, F 
0077   1C03           00283         btfss   STATUS,C 
0078   2???           00284         goto            Lb2 
0079                  00285 Lb3
0079   03FC           00286         decf    Thou, F 
007A   07FD           00287         addwf   Hund, F 
007B   1C03           00288         btfss   STATUS,C
007C   2???           00289         goto            Lb3 
007D                  00290 Lb4
007D   03FB           00291         decf    TenK, F 
007E   07FC           00292         addwf   Thou, F 
007F   1C03           00293         btfss   STATUS,C 
0080   2???           00294         goto            Lb4 
                      00295 
0081   3400           00296         retlw   0
0082   0008           00297         return
                      00298 ;endm
                      00299 
                      00300 
                      00301         
                      00302 ;***************************************
                      00303 ; Look up table
                      00304 ;***************************************
                      00305 
0083                  00306 Welcome_Msg     
0083   0782           00307                 addwf   PCL,F
0084   3448 3465 346C 00308                 dt              "Hello World!", 0
       346C 346F 3420 
       3457 346F 3472 
       346C 3464 3421 
       3400 
                      00309 
0091                  00310 Alphabet
0091   0782           00311                 addwf   PCL,F
0092   3441 3442 3443 00312                 dt              "ABCDEFGHIJKLMNOPQRSTUVWXYZ",0
       3444 3445 3446 
       3447 3448 3449 
       344A 344B 344C 
       344D 344E 344F 
       3450 3451 3452 
MPASM 5.65                          MAIN.ASM   3-5-2016  21:35:42         PAGE  8


LOC  OBJECT CODE     LINE SOURCE TEXT
  VALUE

       3453 3454 3455 
       3456 3457 3458 
       3459 345A 3400 
                      00313         
00AD                  00314 DectoChar
                      00315         
                      00316         ;Change Page
Message[302]: Register in operand not in bank 0.  Ensure that bank bits are correct.
00AD   0080           00317         movwf   Temp
00AE   30??           00318         movlw   HIGH DectoCharEntries
00AF   008A           00319         movwf   PCLATH
Message[302]: Register in operand not in bank 0.  Ensure that bank bits are correct.
00B0   0800           00320         movf    Temp,w
00B1   3E??           00321         addlw   LOW DectoCharEntries
00B2   1803           00322         btfsc   STATUS,C
00B3   0A8A           00323             incf    PCLATH,f
00B4   0082           00324         movwf   PCL     
00B5   0782           00325         addwf    PCL,F
00B6                  00326 DectoCharEntries
00B6   3430 3431 3432 00327         dt        "0123456789",  0
       3433 3434 3435 
       3436 3437 3438 
       3439 3400 
                      00328 
                      00329 ;***************************************
                      00330 ; LCD control
                      00331 ;***************************************
00C1                  00332 Switch_Lines
00C1   30C0           00333                 movlw   B'11000000'
00C2   2???           00334                 call    WR_INS
00C3   0008           00335                 return
                      00336 
00C4                  00337 Clear_Display
00C4   3001           00338                 movlw   B'00000001'
00C5   2???           00339                 call    WR_INS
00C6   0008           00340                 return
                      00341 
                      00342 ;***************************************
                      00343 ; Delay 0.5s
                      00344 ;***************************************
00C7                  00345 HalfS   
  0000                00346         local   HalfS_0
00C7   3088           00347       movlw 0x88
00C8   00F0           00348       movwf COUNTH
00C9   30BD           00349       movlw 0xBD
00CA   00F1           00350       movwf COUNTM
00CB   3003           00351       movlw 0x03
00CC   00F2           00352       movwf COUNTL
                      00353 
00CD                  00354 HalfS_0
00CD   0BF0           00355       decfsz COUNTH, f
00CE   2???           00356       goto   $+2
00CF   0BF1           00357       decfsz COUNTM, f
MPASM 5.65                          MAIN.ASM   3-5-2016  21:35:42         PAGE  9


LOC  OBJECT CODE     LINE SOURCE TEXT
  VALUE

00D0   2???           00358       goto   $+2
00D1   0BF2           00359       decfsz COUNTL, f
00D2   2???           00360       goto   HalfS_0
                      00361 
00D3   2???           00362       goto $+1
00D4   0000           00363       nop
00D5   0000           00364       nop
00D6   0008           00365                 return
                      00366 
                      00367 
                      00368 ;******* LCD-related subroutines *******
                      00369 
                      00370 
                      00371     ;***********************************
00D7                  00372 InitLCD
00D7   1283           00373         bcf STATUS,RP0
00D8   1588           00374         bsf E     ;E default high
                      00375         
                      00376         ;Wait for LCD POR to finish (~15ms)
00D9   2???           00377         call lcdLongDelay
00DA   2???           00378         call lcdLongDelay
00DB   2???           00379         call lcdLongDelay
                      00380 
                      00381         ;Ensure 8-bit mode first (no way to immediately guarantee 4-bit mode)
                      00382         ; -> Send b'0011' 3 times
00DC   3033           00383         movlw   b'00110011'
00DD   2???           00384         call    WR_INS
00DE   2???           00385         call lcdLongDelay
00DF   2???           00386         call lcdLongDelay
00E0   3032           00387         movlw   b'00110010'
00E1   2???           00388         call    WR_INS
00E2   2???           00389         call lcdLongDelay
00E3   2???           00390         call lcdLongDelay
                      00391 
                      00392         ; 4 bits, 2 lines, 5x7 dots
00E4   3028           00393         movlw   b'00101000'
00E5   2???           00394         call    WR_INS
00E6   2???           00395         call lcdLongDelay
00E7   2???           00396         call lcdLongDelay
                      00397 
                      00398         ; display on/off
00E8   300C           00399         movlw   b'00001100'
00E9   2???           00400         call    WR_INS
00EA   2???           00401         call lcdLongDelay
00EB   2???           00402         call lcdLongDelay
                      00403         
                      00404         ; Entry mode
00EC   3006           00405         movlw   b'00000110'
00ED   2???           00406         call    WR_INS
00EE   2???           00407         call lcdLongDelay
00EF   2???           00408         call lcdLongDelay
                      00409 
                      00410         ; Clear ram
MPASM 5.65                          MAIN.ASM   3-5-2016  21:35:42         PAGE 10


LOC  OBJECT CODE     LINE SOURCE TEXT
  VALUE

00F0   3001           00411         movlw   b'00000001'
00F1   2???           00412         call    WR_INS
00F2   2???           00413         call lcdLongDelay
00F3   2???           00414         call lcdLongDelay
00F4   0008           00415         return
                      00416     ;************************************
                      00417 
                      00418     ;ClrLCD: Clear the LCD display
00F5                  00419 ClrLCD
00F5   3001           00420         movlw   B'00000001'
00F6   2???           00421         call    WR_INS
00F7   0008           00422     return
                      00423 
                      00424     ;****************************************
                      00425     ; Write command to LCD - Input : W , output : -
                      00426     ;****************************************
00F8                  00427 WR_INS
00F8   1108           00428         bcf             RS                              ;clear RS
00F9   00F7           00429         movwf   com                             ;W --> com
00FA   39F0           00430         andlw   0xF0                    ;mask 4 bits MSB w = X0
00FB   0088           00431         movwf   PORTD                   ;Send 4 bits MSB
00FC   1588           00432         bsf             E                               ;
00FD   2???           00433         call    lcdLongDelay    ;__    __
00FE   1188           00434         bcf             E                               ;  |__|
00FF   0E77           00435         swapf   com,w
0100   39F0           00436         andlw   0xF0                    ;1111 0010
0101   0088           00437         movwf   PORTD                   ;send 4 bits LSB
0102   1588           00438         bsf             E                               ;
0103   2???           00439         call    lcdLongDelay    ;__    __
0104   1188           00440         bcf             E                               ;  |__|
0105   2???           00441         call    lcdLongDelay
0106   0008           00442         return
                      00443 
                      00444     ;****************************************
                      00445     ; Write data to LCD - Input : W , output : -
                      00446     ;****************************************
0107                  00447 WR_DATA
0107   1508           00448         bsf             RS                              
0108   00F8           00449         movwf   dat
0109   0878           00450         movf    dat,w
010A   39F0           00451         andlw   0xF0            
010B   3E04           00452         addlw   4
010C   0088           00453         movwf   PORTD           
010D   1588           00454         bsf             E                               ;
010E   2???           00455         call    lcdLongDelay    ;__    __
010F   1188           00456         bcf             E                               ;  |__|
0110   0E78           00457         swapf   dat,w
0111   39F0           00458         andlw   0xF0            
0112   3E04           00459         addlw   4
0113   0088           00460         movwf   PORTD           
0114   1588           00461         bsf             E                               ;
0115   2???           00462         call    lcdLongDelay    ;__    __
0116   1188           00463         bcf             E                               ;  |__|
MPASM 5.65                          MAIN.ASM   3-5-2016  21:35:42         PAGE 11


LOC  OBJECT CODE     LINE SOURCE TEXT
  VALUE

0117   0008           00464         return
                      00465 
0118                  00466 lcdLongDelay
0118   3014           00467     movlw d'20'
0119   00F6           00468     movwf lcd_d2
011A                  00469 LLD_LOOP
                      00470     LCD_DELAY
011A   30FF               M         movlw   0xFF
011B   00F5               M         movwf   lcd_d1
011C   0BF5               M         decfsz  lcd_d1,f
011D   2???               M         goto    $-1
011E   0BF6           00471     decfsz lcd_d2,f
011F   2???           00472     goto LLD_LOOP
0120   0008           00473     return
                      00474     
                      00475     
3F72                  00476         END
MPASM 5.65                          MAIN.ASM   3-5-2016  21:35:42         PAGE 12


SYMBOL TABLE
  LABEL                             VALUE 

ACKDT                             00000005
ACKEN                             00000004
ACKSTAT                           00000006
ADCON0                            0000001F
ADCON1                            0000009F
ADCS0                             00000006
ADCS1                             00000007
ADDEN                             00000003
ADFM                              00000007
ADIE                              00000006
ADIF                              00000006
ADON                              00000000
ADRESH                            0000001E
ADRESL                            0000009E
Alphabet                          00000091
BCLIE                             00000003
BCLIF                             00000003
BF                                00000000
BRGH                              00000002
C                                 00000000
CCP1CON                           00000017
CCP1IE                            00000002
CCP1IF                            00000002
CCP1M0                            00000000
CCP1M1                            00000001
CCP1M2                            00000002
CCP1M3                            00000003
CCP1X                             00000005
CCP1Y                             00000004
CCP2CON                           0000001D
CCP2IE                            00000000
CCP2IF                            00000000
CCP2M0                            00000000
CCP2M1                            00000001
CCP2M2                            00000002
CCP2M3                            00000003
CCP2X                             00000005
CCP2Y                             00000004
CCPR1                             00000015
CCPR1H                            00000016
CCPR1L                            00000015
CCPR2                             0000001B
CCPR2H                            0000001C
CCPR2L                            0000001B
CHS0                              00000003
CHS1                              00000004
CHS2                              00000005
CKE                               00000006
CKP                               00000004
COUNTH                            00000070
COUNTL                            00000072
COUNTM                            00000071
CREN                              00000004
MPASM 5.65                          MAIN.ASM   3-5-2016  21:35:42         PAGE 13


SYMBOL TABLE
  LABEL                             VALUE 

CSRC                              00000007
Clear_Display                     000000C4
ClrLCD                            000000F5
D                                 00000005
DATA_ADDRESS                      00000005
DC                                00000001
DELAY1                            00000001
D_A                               00000005
D_NOT_A                           00000005
DectoChar                         000000AD
DectoCharEntries                  000000B6
Delay10usLoop                     0000000D
Delay_0                           00000005
Display                           
E                                 PORTD,3
EEADR                             0000010D
EEADRH                            0000010F
EECON1                            0000018C
EECON2                            0000018D
EEDATA                            0000010C
EEDATH                            0000010E
EEIE                              00000004
EEIF                              00000004
EEPGD                             00000007
F                                 00000001
FERR                              00000002
FSR                               00000004
GCEN                              00000007
GIE                               00000007
GO                                00000002
GO_DONE                           00000002
GO_NOT_DONE                       00000002
HalfS                             000000C7
Hund                              0000007D
I2C_DATA                          00000005
I2C_READ                          00000002
I2C_START                         00000003
I2C_STOP                          00000004
IBF                               00000007
IBOV                              00000005
INDF                              00000000
INTCON                            0000000B
INTE                              00000004
INTEDG                            00000006
INTF                              00000001
IRP                               00000007
InitLCD                           000000D7
LCD_DELAY                         
LLD_LOOP                          0000011A
Lb1                               00000071
Lb2                               00000075
Lb3                               00000079
Lb4                               0000007D
MPASM 5.65                          MAIN.ASM   3-5-2016  21:35:42         PAGE 14


SYMBOL TABLE
  LABEL                             VALUE 

Main                              0000001E
Main2                             00000028
NOT_A                             00000005
NOT_ADDRESS                       00000005
NOT_BO                            00000000
NOT_BOR                           00000000
NOT_DONE                          00000002
NOT_PD                            00000003
NOT_POR                           00000001
NOT_RBPU                          00000007
NOT_RC8                           00000006
NOT_T1SYNC                        00000002
NOT_TO                            00000004
NOT_TX8                           00000006
NOT_W                             00000002
NOT_WRITE                         00000002
NumH                              00000079
NumL                              0000007A
OBF                               00000006
OERR                              00000001
OPTION_REG                        00000081
Ones                              0000007F
P                                 00000004
PCFG0                             00000000
PCFG1                             00000001
PCFG2                             00000002
PCFG3                             00000003
PCL                               00000002
PCLATH                            0000000A
PCON                              0000008E
PEIE                              00000006
PEN                               00000002
PIE1                              0000008C
PIE2                              0000008D
PIR1                              0000000C
PIR2                              0000000D
PORTA                             00000005
PORTB                             00000006
PORTC                             00000007
PORTD                             00000008
PORTE                             00000009
PR2                               00000092
PS0                               00000000
PS1                               00000001
PS2                               00000002
PSA                               00000003
PSPIE                             00000007
PSPIF                             00000007
PSPMODE                           00000004
PrintNumber                       
R                                 00000002
RA0                               00000000
RA1                               00000001
MPASM 5.65                          MAIN.ASM   3-5-2016  21:35:42         PAGE 15


SYMBOL TABLE
  LABEL                             VALUE 

RA2                               00000002
RA3                               00000003
RA4                               00000004
RA5                               00000005
RB0                               00000000
RB1                               00000001
RB2                               00000002
RB3                               00000003
RB4                               00000004
RB5                               00000005
RB6                               00000006
RB7                               00000007
RBIE                              00000003
RBIF                              00000000
RC0                               00000000
RC1                               00000001
RC2                               00000002
RC3                               00000003
RC4                               00000004
RC5                               00000005
RC6                               00000006
RC7                               00000007
RC8_9                             00000006
RC9                               00000006
RCD8                              00000000
RCEN                              00000003
RCIE                              00000005
RCIF                              00000005
RCREG                             0000001A
RCSTA                             00000018
RD                                00000000
RD0                               00000000
RD1                               00000001
RD2                               00000002
RD3                               00000003
RD4                               00000004
RD5                               00000005
RD6                               00000006
RD7                               00000007
RE0                               00000000
RE1                               00000001
RE2                               00000002
READ_WRITE                        00000002
RP0                               00000005
RP1                               00000006
RS                                PORTD,2
RSEN                              00000001
RX9                               00000006
RX9D                              00000000
R_NOT_W                           00000002
R_W                               00000002
Read_US1                          00000042
S                                 00000003
MPASM 5.65                          MAIN.ASM   3-5-2016  21:35:42         PAGE 16


SYMBOL TABLE
  LABEL                             VALUE 

SEN                               00000000
SMP                               00000007
SPBRG                             00000099
SPEN                              00000007
SREN                              00000005
SSPADD                            00000093
SSPBUF                            00000013
SSPCON                            00000014
SSPCON2                           00000091
SSPEN                             00000005
SSPIE                             00000003
SSPIF                             00000003
SSPM0                             00000000
SSPM1                             00000001
SSPM2                             00000002
SSPM3                             00000003
SSPOV                             00000006
SSPSTAT                           00000094
STATUS                            00000003
SYNC                              00000004
Switch_Lines                      000000C1
T0CS                              00000005
T0IE                              00000005
T0IF                              00000002
T0SE                              00000004
T1CKPS0                           00000004
T1CKPS1                           00000005
T1CON                             00000010
T1INSYNC                          00000002
T1OSCEN                           00000003
T1SYNC                            00000002
T2CKPS0                           00000000
T2CKPS1                           00000001
T2CON                             00000012
TMR0                              00000001
TMR0IE                            00000005
TMR0IF                            00000002
TMR1                              0000000E
TMR1CS                            00000001
TMR1H                             0000000F
TMR1IE                            00000000
TMR1IF                            00000000
TMR1L                             0000000E
TMR1ON                            00000000
TMR2                              00000011
TMR2IE                            00000001
TMR2IF                            00000001
TMR2ON                            00000002
TOUTPS0                           00000003
TOUTPS1                           00000004
TOUTPS2                           00000005
TOUTPS3                           00000006
TRISA                             00000085
MPASM 5.65                          MAIN.ASM   3-5-2016  21:35:42         PAGE 17


SYMBOL TABLE
  LABEL                             VALUE 

TRISA0                            00000000
TRISA1                            00000001
TRISA2                            00000002
TRISA3                            00000003
TRISA4                            00000004
TRISA5                            00000005
TRISB                             00000086
TRISB0                            00000000
TRISB1                            00000001
TRISB2                            00000002
TRISB3                            00000003
TRISB4                            00000004
TRISB5                            00000005
TRISB6                            00000006
TRISB7                            00000007
TRISC                             00000087
TRISC0                            00000000
TRISC1                            00000001
TRISC2                            00000002
TRISC3                            00000003
TRISC4                            00000004
TRISC5                            00000005
TRISC6                            00000006
TRISC7                            00000007
TRISD                             00000088
TRISD0                            00000000
TRISD1                            00000001
TRISD2                            00000002
TRISD3                            00000003
TRISD4                            00000004
TRISD5                            00000005
TRISD6                            00000006
TRISD7                            00000007
TRISE                             00000089
TRISE0                            00000000
TRISE1                            00000001
TRISE2                            00000002
TRMT                              00000001
TX8_9                             00000006
TX9                               00000006
TX9D                              00000000
TXD8                              00000000
TXEN                              00000005
TXIE                              00000004
TXIF                              00000004
TXREG                             00000019
TXSTA                             00000098
Table_Counter                     00000073
Temp                              00000080
TenK                              0000007B
Tens                              0000007E
Thou                              0000007C
UA                                00000001
MPASM 5.65                          MAIN.ASM   3-5-2016  21:35:42         PAGE 18


SYMBOL TABLE
  LABEL                             VALUE 

US1E                              PORTA,4
UST                               PORTC,2
W                                 00000000
WCOL                              00000007
WR                                00000001
WREN                              00000002
WRERR                             00000003
WR_DATA                           00000107
WR_INS                            000000F8
Welcome_Msg                       00000083
Z                                 00000002
_.org_0_0006                      00000006
_.org_0_0009                      00000009
_.org_0_0041                      00000041
_.org_0_004A                      0000004A
_.org_0_004D                      0000004D
_.org_0_00CE                      000000CE
_.org_0_00D0                      000000D0
_.org_0_00D3                      000000D3
_.org_0_011D                      0000011D
_BODEN_OFF                        00003FBF
_BODEN_ON                         00003FFF
_BOREN_OFF                        00003FBF
_BOREN_ON                         00003FFF
_CONFIG                           00002007
_CPD_OFF                          00003FFF
_CPD_ON                           00003EFF
_CP_ALL                           00000FCF
_CP_HALF                          00001FDF
_CP_OFF                           00003FFF
_CP_UPPER_256                     00002FEF
_DEBUG_OFF                        00003FFF
_DEBUG_ON                         000037FF
_DEVID1                           00002006
_FOSC_EXTRC                       00003FFF
_FOSC_HS                          00003FFE
_FOSC_LP                          00003FFC
_FOSC_XT                          00003FFD
_HS_OSC                           00003FFE
_IDLOC0                           00002000
_IDLOC1                           00002001
_IDLOC2                           00002002
_IDLOC3                           00002003
_LP_OSC                           00003FFC
_LVP_OFF                          00003F7F
_LVP_ON                           00003FFF
_PWRTE_OFF                        00003FFF
_PWRTE_ON                         00003FF7
_RC_OSC                           00003FFF
_WDTE_OFF                         00003FFB
_WDTE_ON                          00003FFF
_WDT_OFF                          00003FFB
_WDT_ON                           00003FFF
MPASM 5.65                          MAIN.ASM   3-5-2016  21:35:42         PAGE 19


SYMBOL TABLE
  LABEL                             VALUE 

_WRT_ENABLE_OFF                   00003DFF
_WRT_ENABLE_ON                    00003FFF
_WRT_OFF                          00003DFF
_WRT_ON                           00003FFF
_XT_OSC                           00003FFD
__16F877                          00000001
bin16_BCD                         00000050
com                               00000077
dat                               00000078
delay10us                         0000000B
delay3                            00000081
init                              00000010
lcdLongDelay                      00000118
lcd_d1                            00000075
lcd_d2                            00000076
lcd_tmp                           00000074

Errors   :     0
Warnings :     0 reported,     0 suppressed
Messages :     8 reported,     0 suppressed

