

Microchip Technology PIC LITE Macro Assembler V1.36 build -262312587 
                                                                                               Mon Feb 01 15:29:51 2016

Microchip Technology Omniscient Code Generator v1.36 (Free mode) build 201601150325
     1                           	processor	16F877
     2                           	opt	pw 120
     3                           	opt	lm
     4                           	psect	cinit,global,class=CODE,merge=1,delta=2
     5                           	psect	cstackCOMMON,global,class=COMMON,space=1,delta=1
     6                           	psect	maintext,global,class=CODE,split=1,delta=2
     7                           	dabs	1,0x7E,2
     8  0000                     	;# 
     9  0001                     	;# 
    10  0002                     	;# 
    11  0003                     	;# 
    12  0004                     	;# 
    13  0005                     	;# 
    14  0006                     	;# 
    15  0007                     	;# 
    16  0008                     	;# 
    17  0009                     	;# 
    18  000A                     	;# 
    19  000B                     	;# 
    20  000C                     	;# 
    21  000D                     	;# 
    22  000E                     	;# 
    23  000E                     	;# 
    24  000F                     	;# 
    25  0010                     	;# 
    26  0011                     	;# 
    27  0012                     	;# 
    28  0013                     	;# 
    29  0014                     	;# 
    30  0015                     	;# 
    31  0015                     	;# 
    32  0016                     	;# 
    33  0017                     	;# 
    34  0018                     	;# 
    35  0019                     	;# 
    36  001A                     	;# 
    37  001B                     	;# 
    38  001B                     	;# 
    39  001C                     	;# 
    40  001D                     	;# 
    41  001E                     	;# 
    42  001F                     	;# 
    43  0081                     	;# 
    44  0085                     	;# 
    45  0086                     	;# 
    46  0087                     	;# 
    47  0088                     	;# 
    48  0089                     	;# 
    49  008C                     	;# 
    50  008D                     	;# 
    51  008E                     	;# 
    52  0091                     	;# 
    53  0092                     	;# 
    54  0093                     	;# 
    55  0094                     	;# 
    56  0098                     	;# 
    57  0099                     	;# 
    58  009E                     	;# 
    59  009F                     	;# 
    60  010C                     	;# 
    61  010D                     	;# 
    62  010E                     	;# 
    63  010F                     	;# 
    64  018C                     	;# 
    65  018D                     	;# 
    66                           
    67                           	psect	cinit
    68  07FC                     start_initialization:	
    69                           ; #config settings
    70                           
    71  07FC                     __initialization:	
    72  07FC                     end_of_initialization:	
    73                           ;End of C runtime variable initialization code
    74                           
    75  07FC                     __end_of__initialization:	
    76  07FC  0183               	clrf	3
    77  07FD  120A  118A  2FE6   	ljmp	_main	;jump to C main() function
    78                           
    79                           	psect	cstackCOMMON
    80  0070                     __pcstackCOMMON:	
    81  0070                     ?_main:	
    82  0070                     ??_main:	
    83                           ; 1 bytes @ 0x0
    84                           
    85  0070                     main@j:	
    86                           ; 1 bytes @ 0x0
    87                           
    88                           
    89                           ; 2 bytes @ 0x0
    90  0070                     	ds	2
    91  0072                     main@j_22:	
    92                           
    93                           ; 2 bytes @ 0x2
    94  0072                     	ds	2
    95  0074                     main@i:	
    96                           
    97                           ; 2 bytes @ 0x4
    98  0074                     	ds	2
    99                           
   100                           	psect	maintext
   101  07E6                     __pmaintext:	
   102 ;;
   103 ;;Main: autosize = 0, tempsize = 0, incstack = 0, save=0
   104 ;;
   105 ;; *************** function _main *****************
   106 ;; Defined at:
   107 ;;		line 11 in file "main.c"
   108 ;; Parameters:    Size  Location     Type
   109 ;;		None
   110 ;; Auto vars:     Size  Location     Type
   111 ;;  j               2    2[COMMON] int 
   112 ;;  j               2    0[COMMON] int 
   113 ;;  i               2    4[COMMON] int 
   114 ;; Return value:  Size  Location     Type
   115 ;;                  1    wreg      void 
   116 ;; Registers used:
   117 ;;		wreg, status,2, status,0
   118 ;; Tracked objects:
   119 ;;		On entry : B00/0
   120 ;;		On exit  : 0/0
   121 ;;		Unchanged: 0/0
   122 ;; Data sizes:     COMMON   BANK0   BANK1   BANK3   BANK2
   123 ;;      Params:         0       0       0       0       0
   124 ;;      Locals:         6       0       0       0       0
   125 ;;      Temps:          0       0       0       0       0
   126 ;;      Totals:         6       0       0       0       0
   127 ;;Total ram usage:        6 bytes
   128 ;; This function calls:
   129 ;;		Nothing
   130 ;; This function is called by:
   131 ;;		Startup code after reset
   132 ;; This function uses a non-reentrant model
   133 ;;
   134                           
   135                           
   136                           ;psect for function _main
   137  07E6                     _main:	
   138                           
   139                           ;main.c: 13: int i = 0;
   140                           
   141                           ;incstack = 0
   142                           ; Regs used in _main: [wreg+status,2+status,0]
   143  07E6  01F4               	clrf	main@i
   144  07E7  01F5               	clrf	main@i+1
   145                           
   146                           ;main.c: 15: if (i==2){
   147  07E8  3002               	movlw	2
   148  07E9  0674               	xorwf	main@i,w
   149  07EA  0475               	iorwf	main@i+1,w
   150  07EB  1D03               	btfss	3,2
   151  07EC  2FF1               	goto	l471
   152                           
   153                           ;main.c: 17: int j = 3;
   154  07ED  3003               	movlw	3
   155  07EE  00F0               	movwf	main@j
   156  07EF  3000               	movlw	0
   157  07F0  00F1               	movwf	main@j+1
   158  07F1                     l471:	
   159                           
   160                           ;main.c: 19: }
   161                           ;main.c: 21: if (i==0){
   162  07F1  0874               	movf	main@i,w
   163  07F2  0475               	iorwf	main@i+1,w
   164  07F3  1D03               	btfss	3,2
   165  07F4  2FF9               	goto	l5
   166                           
   167                           ;main.c: 23: int j = 1;
   168  07F5  3001               	movlw	1
   169  07F6  00F2               	movwf	main@j_22
   170  07F7  3000               	movlw	0
   171  07F8  00F3               	movwf	main@j_22+1
   172  07F9                     l5:	
   173                           ;main.c: 25: }
   174                           ;main.c: 28: return;
   175                           
   176  07F9  120A  118A  2800   	ljmp	start
   177  07FC                     __end_of_main:	
   178  007E                     btemp	set	126	;btemp
   179  007E                     wtemp	set	126
   180  007E                     wtemp0	set	126
   181  0080                     wtemp1	set	128
   182  0082                     wtemp2	set	130
   183  0084                     wtemp3	set	132
   184  0086                     wtemp4	set	134
   185  0088                     wtemp5	set	136
   186  007F                     wtemp6	set	127
   187  007E                     ttemp	set	126
   188  007E                     ttemp0	set	126
   189  0081                     ttemp1	set	129
   190  0084                     ttemp2	set	132
   191  0087                     ttemp3	set	135
   192  007F                     ttemp4	set	127
   193  007E                     ltemp	set	126
   194  007E                     ltemp0	set	126
   195  0082                     ltemp1	set	130
   196  0086                     ltemp2	set	134
   197  0080                     ltemp3	set	128


Data Sizes:
    Strings     0
    Constant    0
    Data        0
    BSS         0
    Persistent  0
    Stack       0

Auto Spaces:
    Space          Size  Autos    Used
    COMMON           14      6       6
    BANK0            80      0       0
    BANK1            80      0       0
    BANK3            96      0       0
    BANK2            96      0       0

Pointer List with Targets:

    None.

Critical Paths under _main in COMMON

    None.

Critical Paths under _main in BANK0

    None.

Critical Paths under _main in BANK1

    None.

Critical Paths under _main in BANK3

    None.

Critical Paths under _main in BANK2

    None.

Call Graph Tables:

 ---------------------------------------------------------------------------------
 (Depth) Function   	        Calls       Base Space   Used Autos Params    Refs
 ---------------------------------------------------------------------------------
 (0) _main                                                 6     6      0      30
                                              0 COMMON     6     6      0
 ---------------------------------------------------------------------------------
 Estimated maximum stack depth 0
 ---------------------------------------------------------------------------------

 Call Graph Graphs:

 _main (ROOT)

 Address spaces:
Name               Size   Autos  Total    Cost      Usage
BITCOMMON            E      0       0       0        0.0%
EEDATA             100      0       0       0        0.0%
NULL                 0      0       0       0        0.0%
CODE                 0      0       0       0        0.0%
COMMON               E      6       6       1       42.9%
BITSFR0              0      0       0       1        0.0%
SFR0                 0      0       0       1        0.0%
BITSFR1              0      0       0       2        0.0%
SFR1                 0      0       0       2        0.0%
STACK                0      0       0       2        0.0%
ABS                  0      0       0       3        0.0%
BITBANK0            50      0       0       4        0.0%
BITSFR3              0      0       0       4        0.0%
SFR3                 0      0       0       4        0.0%
BANK0               50      0       0       5        0.0%
BITSFR2              0      0       0       5        0.0%
SFR2                 0      0       0       5        0.0%
BITBANK1            50      0       0       6        0.0%
BANK1               50      0       0       7        0.0%
BITBANK3            60      0       0       8        0.0%
BANK3               60      0       0       9        0.0%
BITBANK2            60      0       0      10        0.0%
BANK2               60      0       0      11        0.0%
DATA                 0      0       0      12        0.0%


Microchip Technology PIC Macro Assembler V1.36 build -262312587 
Symbol Table                                                                                   Mon Feb 01 15:29:51 2016

                      l5 07F9                      l471 07F1                     _main 07E6  
                   btemp 007E                     ltemp 007E                     start 0000  
                   ttemp 007E                     wtemp 007E                    ?_main 0070  
                  main@i 0074                    main@j 0070                    ltemp0 007E  
                  ltemp1 0082                    ltemp2 0086                    ltemp3 0080  
                  ttemp0 007E                    ttemp1 0081                    ttemp2 0084  
                  ttemp3 0087                    ttemp4 007F                    status 0003  
                  wtemp0 007E                    wtemp1 0080                    wtemp2 0082  
                  wtemp3 0084                    wtemp4 0086                    wtemp5 0088  
                  wtemp6 007F          __initialization 07FC             __end_of_main 07FC  
                 ??_main 0070  __end_of__initialization 07FC           __pcstackCOMMON 0070  
             __pmaintext 07E6     end_of_initialization 07FC      start_initialization 07FC  
              ___latbits 0002            __size_of_main 0016                 main@j_22 0072  
